"../../../Engine/Content/EditorResources/S_Actor.ubulk" 0
"../../../Engine/Content/EditorResources/S_Actor.uasset" 1
"../../../Engine/Content/EditorResources/S_Actor.uexp" 2
"../../../Engine/Content/EditorResources/S_BoxReflectionCapture.uasset" 3
"../../../Engine/Content/EditorResources/S_BoxReflectionCapture.uexp" 4
"../../../Engine/Content/EngineResources/DefaultTexture.ubulk" 5
"../../../Engine/Content/EngineResources/DefaultTexture.uasset" 6
"../../../Engine/Content/EngineResources/DefaultTexture.uexp" 7
"../../../Engine/Content/EngineResources/DefaultTextureCube.uasset" 8
"../../../Engine/Content/EngineResources/DefaultTextureCube.uexp" 9
"../../../Engine/Content/EngineResources/DefaultVolumeTexture2D.uasset" 10
"../../../Engine/Content/EngineResources/DefaultVolumeTexture2D.uexp" 11
"../../../Engine/Content/EngineResources/DefaultVolumeTexture.uasset" 12
"../../../Engine/Content/EngineResources/DefaultVolumeTexture.uexp" 13
"../../../Engine/Content/EditorResources/S_Trigger.ubulk" 14
"../../../Engine/Content/EditorResources/S_Trigger.uasset" 15
"../../../Engine/Content/EditorResources/S_Trigger.uexp" 16
"../../../Engine/Content/EditorResources/S_TriggerBox.uasset" 17
"../../../Engine/Content/EditorResources/S_TriggerBox.uexp" 18
"../../../Engine/Content/EditorResources/S_TriggerCapsule.uasset" 19
"../../../Engine/Content/EditorResources/S_TriggerCapsule.uexp" 20
"../../../Engine/Content/EditorResources/S_TriggerSphere.uasset" 21
"../../../Engine/Content/EditorResources/S_TriggerSphere.uexp" 22
"../../../Engine/Content/EngineMeshes/Sphere.ubulk" 23
"../../../Engine/Content/EngineMeshes/Sphere.uasset" 24
"../../../Engine/Content/EngineMeshes/Sphere.uexp" 25
"../../../Engine/Content/EngineResources/GradientTexture0.uasset" 26
"../../../Engine/Content/EngineResources/GradientTexture0.uexp" 27
"../../../Engine/Content/EngineResources/Black.uasset" 28
"../../../Engine/Content/EngineResources/Black.uexp" 29
"../../../Engine/Content/VREditor/LaserPointer/VR_LaserPower_01.ubulk" 30
"../../../Engine/Content/VREditor/LaserPointer/VR_LaserPower_01.uasset" 31
"../../../Engine/Content/VREditor/LaserPointer/VR_LaserPower_01.uexp" 32
"../../../Engine/Content/VREditor/TransformGizmo/TransformGizmoMaterial.uasset" 33
"../../../Engine/Content/VREditor/TransformGizmo/TransformGizmoMaterial.uexp" 34
"../../../Engine/Content/VREditor/TransformGizmo/TranslucentTransformGizmoMaterial.uasset" 35
"../../../Engine/Content/VREditor/TransformGizmo/TranslucentTransformGizmoMaterial.uexp" 36
"../../../Engine/Content/VREditor/TransformGizmo/PlaneTranslationHandle.ubulk" 37
"../../../Engine/Content/VREditor/TransformGizmo/PlaneTranslationHandle.uasset" 38
"../../../Engine/Content/VREditor/TransformGizmo/PlaneTranslationHandle.uexp" 39
"../../../Engine/Content/VREditor/TransformGizmo/BoundingBoxCorner.ubulk" 40
"../../../Engine/Content/VREditor/TransformGizmo/BoundingBoxCorner.uasset" 41
"../../../Engine/Content/VREditor/TransformGizmo/BoundingBoxCorner.uexp" 42
"../../../Engine/Content/VREditor/TransformGizmo/BoundingBoxEdge.ubulk" 43
"../../../Engine/Content/VREditor/TransformGizmo/BoundingBoxEdge.uasset" 44
"../../../Engine/Content/VREditor/TransformGizmo/BoundingBoxEdge.uexp" 45
"../../../Engine/Content/VREditor/TransformGizmo/Main.uasset" 46
"../../../Engine/Content/VREditor/TransformGizmo/Main.uexp" 47
"../../../Engine/Content/VREditor/TransformGizmo/Xray.uasset" 48
"../../../Engine/Content/VREditor/TransformGizmo/Xray.uexp" 49
"../../../Engine/Content/VREditor/TransformGizmo/SM_Sequencer_Node.ubulk" 50
"../../../Engine/Content/VREditor/TransformGizmo/SM_Sequencer_Node.uasset" 51
"../../../Engine/Content/VREditor/TransformGizmo/SM_Sequencer_Node.uexp" 52
"../../../Engine/Content/EditorMaterials/Camera/CineMat.uasset" 53
"../../../Engine/Content/EditorMaterials/Camera/CineMat.uexp" 54
"../../../Engine/Content/EditorMaterials/Camera/MI_CineMat_Rig.uasset" 55
"../../../Engine/Content/EditorMaterials/Camera/MI_CineMat_Rig.uexp" 56
"../../../Engine/Content/EditorMeshes/Camera/SM_CraneRig_Base.ubulk" 57
"../../../Engine/Content/EditorMeshes/Camera/SM_CraneRig_Base.uasset" 58
"../../../Engine/Content/EditorMeshes/Camera/SM_CraneRig_Base.uexp" 59
"../../../Engine/Content/EditorMeshes/Camera/SM_CraneRig_Arm.ubulk" 60
"../../../Engine/Content/EditorMeshes/Camera/SM_CraneRig_Arm.uasset" 61
"../../../Engine/Content/EditorMeshes/Camera/SM_CraneRig_Arm.uexp" 62
"../../../Engine/Content/EditorMeshes/Camera/SM_CraneRig_Mount.ubulk" 63
"../../../Engine/Content/EditorMeshes/Camera/SM_CraneRig_Mount.uasset" 64
"../../../Engine/Content/EditorMeshes/Camera/SM_CraneRig_Mount.uexp" 65
"../../../Engine/Content/EditorMeshes/Camera/SM_CraneRig_Body.ubulk" 66
"../../../Engine/Content/EditorMeshes/Camera/SM_CraneRig_Body.uasset" 67
"../../../Engine/Content/EditorMeshes/Camera/SM_CraneRig_Body.uexp" 68
"../../../Engine/Content/EditorMeshes/Camera/SM_RailRig_Track.ubulk" 69
"../../../Engine/Content/EditorMeshes/Camera/SM_RailRig_Track.uasset" 70
"../../../Engine/Content/EditorMeshes/Camera/SM_RailRig_Track.uexp" 71
"../../../Engine/Content/EditorMeshes/Camera/SM_RailRig_Mount.ubulk" 72
"../../../Engine/Content/EditorMeshes/Camera/SM_RailRig_Mount.uasset" 73
"../../../Engine/Content/EditorMeshes/Camera/SM_RailRig_Mount.uexp" 74
"../../../Engine/Content/EngineMaterials/T_Default_Material_Grid_M.ubulk" 75
"../../../Engine/Content/EngineMaterials/T_Default_Material_Grid_M.uasset" 76
"../../../Engine/Content/EngineMaterials/T_Default_Material_Grid_M.uexp" 77
"../../../Engine/Content/EngineMaterials/T_Default_Material_Grid_N.ubulk" 78
"../../../Engine/Content/EngineMaterials/T_Default_Material_Grid_N.uasset" 79
"../../../Engine/Content/EngineMaterials/T_Default_Material_Grid_N.uexp" 80
"../../../Engine/Content/Functions/Engine_MaterialFunctions01/Opacity/CameraDepthFade.uasset" 81
"../../../Engine/Content/Functions/Engine_MaterialFunctions01/Opacity/CameraDepthFade.uexp" 82
"../../../Engine/Content/EngineMaterials/WorldGridMaterial.uasset" 83
"../../../Engine/Content/EngineMaterials/WorldGridMaterial.uexp" 84
"../../../Engine/Content/ArtTools/RenderToTexture/Meshes/S_1_Unit_Plane.ubulk" 85
"../../../Engine/Content/ArtTools/RenderToTexture/Meshes/S_1_Unit_Plane.uasset" 86
"../../../Engine/Content/ArtTools/RenderToTexture/Meshes/S_1_Unit_Plane.uexp" 87
"../../../Engine/Content/EditorMaterials/ParticleSystems/PSysThumbnail_NoImage.ubulk" 88
"../../../Engine/Content/EditorMaterials/ParticleSystems/PSysThumbnail_NoImage.uasset" 89
"../../../Engine/Content/EditorMaterials/ParticleSystems/PSysThumbnail_NoImage.uexp" 90
"../../../Engine/Content/EditorMaterials/ParticleSystems/PSysThumbnail_OOD.ubulk" 91
"../../../Engine/Content/EditorMaterials/ParticleSystems/PSysThumbnail_OOD.uasset" 92
"../../../Engine/Content/EditorMaterials/ParticleSystems/PSysThumbnail_OOD.uexp" 93
"../../../Engine/Content/EditorLandscapeResources/SplineEditorMeshMat.uasset" 94
"../../../Engine/Content/EditorLandscapeResources/SplineEditorMeshMat.uexp" 95
"../../../Engine/Content/EditorLandscapeResources/SplineEditorMesh.ubulk" 96
"../../../Engine/Content/EditorLandscapeResources/SplineEditorMesh.uasset" 97
"../../../Engine/Content/EditorLandscapeResources/SplineEditorMesh.uexp" 98
"../../../Engine/Content/EditorResources/S_Solver.ubulk" 99
"../../../Engine/Content/EditorResources/S_Solver.uasset" 100
"../../../Engine/Content/EditorResources/S_Solver.uexp" 101
"../../../Engine/Plugins/Media/MediaPlate/Content/SM_MediaPlateScreen.ubulk" 102
"../../../Engine/Plugins/Media/MediaPlate/Content/SM_MediaPlateScreen.uasset" 103
"../../../Engine/Plugins/Media/MediaPlate/Content/SM_MediaPlateScreen.uexp" 104
"../../../Engine/Content/EngineMaterials/Good64x64TilingNoiseHighFreq.uasset" 105
"../../../Engine/Content/EngineMaterials/Good64x64TilingNoiseHighFreq.uexp" 106
"../../../Engine/Content/EngineMaterials/DefaultBokeh.uasset" 107
"../../../Engine/Content/EngineMaterials/DefaultBokeh.uexp" 108
"../../../Engine/Content/EngineMaterials/PreintegratedSkinBRDF.uasset" 109
"../../../Engine/Content/EngineMaterials/PreintegratedSkinBRDF.uexp" 110
"../../../Engine/Content/EngineMaterials/MiniFont.uasset" 111
"../../../Engine/Content/EngineMaterials/MiniFont.uexp" 112
"../../../Engine/Content/EngineMaterials/WeightMapPlaceholderTexture.uasset" 113
"../../../Engine/Content/EngineMaterials/WeightMapPlaceholderTexture.uexp" 114
"../../../Engine/Content/EngineMaterials/DefaultWhiteGrid.ubulk" 115
"../../../Engine/Content/EngineMaterials/DefaultWhiteGrid.uasset" 116
"../../../Engine/Content/EngineMaterials/DefaultWhiteGrid.uexp" 117
"../../../Engine/Content/Animation/DefaultRecorderBoneCompression.uasset" 118
"../../../Engine/Content/Animation/DefaultRecorderBoneCompression.uexp" 119
"../../../Engine/Content/Animation/DefaultAnimCurveCompressionSettings.uasset" 120
"../../../Engine/Content/Animation/DefaultAnimCurveCompressionSettings.uexp" 121
"../../../Engine/Content/Animation/DefaultAnimBoneCompressionSettings.uasset" 122
"../../../Engine/Content/Animation/DefaultAnimBoneCompressionSettings.uexp" 123
"../../../Engine/Content/EngineMaterials/DefaultMaterial.uasset" 124
"../../../Engine/Content/EngineMaterials/DefaultMaterial.uexp" 125
"../../../Engine/Content/BasicShapes/Sphere.ubulk" 126
"../../../Engine/Content/BasicShapes/Sphere.uasset" 127
"../../../Engine/Content/BasicShapes/Sphere.uexp" 128
"../../../Engine/Content/BasicShapes/Plane.ubulk" 129
"../../../Engine/Content/BasicShapes/Plane.uasset" 130
"../../../Engine/Content/BasicShapes/Plane.uexp" 131
"../../../Engine/Content/BasicShapes/Cylinder.ubulk" 132
"../../../Engine/Content/BasicShapes/Cylinder.uasset" 133
"../../../Engine/Content/BasicShapes/Cylinder.uexp" 134
"../../../Engine/Content/BasicShapes/Cube.ubulk" 135
"../../../Engine/Content/BasicShapes/Cube.uasset" 136
"../../../Engine/Content/BasicShapes/Cube.uexp" 137
"../../../Engine/Content/BasicShapes/Cone.ubulk" 138
"../../../Engine/Content/BasicShapes/Cone.uasset" 139
"../../../Engine/Content/BasicShapes/Cone.uexp" 140
"../../../Engine/Content/EditorLandscapeResources/DefaultAlphaTexture.uasset" 141
"../../../Engine/Content/EditorLandscapeResources/DefaultAlphaTexture.uexp" 142
"../../../Engine/Content/EditorLandscapeResources/DataLayer.uasset" 143
"../../../Engine/Content/EditorLandscapeResources/DataLayer.uexp" 144
"../../../Engine/Content/EditorMaterials/PreviewShadowIndicator.ubulk" 145
"../../../Engine/Content/EditorMaterials/PreviewShadowIndicator.uasset" 146
"../../../Engine/Content/EditorMaterials/PreviewShadowIndicator.uexp" 147
"../../../Engine/Content/EditorMaterials/PreviewShadowIndicatorMaterial.uasset" 148
"../../../Engine/Content/EditorMaterials/PreviewShadowIndicatorMaterial.uexp" 149
"../../../Engine/Content/EditorMaterials/PhAT_UnselectedMaterial.uasset" 150
"../../../Engine/Content/EditorMaterials/PhAT_UnselectedMaterial.uexp" 151
"../../../Engine/Content/EditorMaterials/PhAT_NoCollisionMaterial.uasset" 152
"../../../Engine/Content/EditorMaterials/PhAT_NoCollisionMaterial.uexp" 153
"../../../Engine/Content/Functions/Engine_MaterialFunctions02/Utility/MakeFloat4.uasset" 154
"../../../Engine/Content/Functions/Engine_MaterialFunctions02/Utility/MakeFloat4.uexp" 155
"../../../Engine/Content/Functions/Engine_MaterialFunctions02/Utility/MakeFloat3.uasset" 156
"../../../Engine/Content/Functions/Engine_MaterialFunctions02/Utility/MakeFloat3.uexp" 157
"../../../Engine/Content/Functions/Engine_MaterialFunctions02/Utility/BreakOutFloat3Components.uasset" 158
"../../../Engine/Content/Functions/Engine_MaterialFunctions02/Utility/BreakOutFloat3Components.uexp" 159
"../../../Engine/Content/EditorMaterials/WorldPartition/WorldPartitionSpatialHashGridPreviewMaterial.uasset" 160
"../../../Engine/Content/EditorMaterials/WorldPartition/WorldPartitionSpatialHashGridPreviewMaterial.uexp" 161
"../../../Engine/Content/EditorResources/S_Terrain.ubulk" 162
"../../../Engine/Content/EditorResources/S_Terrain.uasset" 163
"../../../Engine/Content/EditorResources/S_Terrain.uexp" 164
"../../../Engine/Content/EditorResources/BSPVertex.uasset" 165
"../../../Engine/Content/EditorResources/BSPVertex.uexp" 166
"../../../Engine/Content/EditorResources/SequenceRecorder/RecordingIndicator.uasset" 167
"../../../Engine/Content/EditorResources/SequenceRecorder/RecordingIndicator.uexp" 168
"../../../Engine/Content/EditorResources/SequenceRecorder/Countdown.uasset" 169
"../../../Engine/Content/EditorResources/SequenceRecorder/Countdown.uexp" 170
"../../../Engine/Content/EngineDamageTypes/DmgTypeBP_Environmental.uasset" 171
"../../../Engine/Content/EngineDamageTypes/DmgTypeBP_Environmental.uexp" 172
"../../../Engine/Content/Functions/Engine_MaterialFunctions02/Utility/CameraDirectionVector.uasset" 173
"../../../Engine/Content/Functions/Engine_MaterialFunctions02/Utility/CameraDirectionVector.uexp" 174
"../../../Engine/Content/EngineDebugMaterials/VolumeToRender.uasset" 175
"../../../Engine/Content/EngineDebugMaterials/VolumeToRender.uexp" 176
"../../../Engine/Content/EngineDebugMaterials/M_VolumeRenderSphereTracePP.uasset" 177
"../../../Engine/Content/EngineDebugMaterials/M_VolumeRenderSphereTracePP.uexp" 178
"../../../Engine/Content/EngineDebugMaterials/M_SimpleUnlitTranslucent.uasset" 179
"../../../Engine/Content/EngineDebugMaterials/M_SimpleUnlitTranslucent.uexp" 180
"../../../Engine/Content/EngineDebugMaterials/DebugMeshMaterial.uasset" 181
"../../../Engine/Content/EngineDebugMaterials/DebugMeshMaterial.uexp" 182
"../../../Engine/Content/EngineDebugMaterials/DebugEditorMaterial.uasset" 183
"../../../Engine/Content/EngineDebugMaterials/DebugEditorMaterial.uexp" 184
"../../../Engine/Content/EngineFonts/Faces/RobotoLight.uexp" 185
"../../../Engine/Content/EngineFonts/Faces/RobotoLight.uasset" 186
"../../../Engine/Content/EngineFonts/Faces/RobotoLight.ufont" 187
"../../../Engine/Content/EngineFonts/Faces/RobotoBold.uexp" 188
"../../../Engine/Content/EngineFonts/Faces/RobotoBold.uasset" 189
"../../../Engine/Content/EngineFonts/Faces/RobotoBold.ufont" 190
"../../../Engine/Content/EngineFonts/Faces/RobotoRegular.uexp" 191
"../../../Engine/Content/EngineFonts/Faces/RobotoRegular.uasset" 192
"../../../Engine/Content/EngineFonts/Faces/RobotoRegular.ufont" 193
"../../../Engine/Content/EngineFonts/Faces/DroidSansFallback.uexp" 194
"../../../Engine/Content/EngineFonts/Faces/DroidSansFallback.uasset" 195
"../../../Engine/Content/EngineFonts/Faces/DroidSansFallback.ufont" 196
"../../../Engine/Content/EngineFonts/Faces/RobotoItalic.uexp" 197
"../../../Engine/Content/EngineFonts/Faces/RobotoItalic.uasset" 198
"../../../Engine/Content/EngineFonts/Faces/RobotoItalic.ufont" 199
"../../../Engine/Content/EngineFonts/Faces/RobotoBoldItalic.uexp" 200
"../../../Engine/Content/EngineFonts/Faces/RobotoBoldItalic.uasset" 201
"../../../Engine/Content/EngineFonts/Faces/RobotoBoldItalic.ufont" 202
"../../../Engine/Content/EngineFonts/Roboto.uasset" 203
"../../../Engine/Content/EngineFonts/Roboto.uexp" 204
"../../../Engine/Content/EngineResources/WhiteSquareTexture.uasset" 205
"../../../Engine/Content/EngineResources/WhiteSquareTexture.uexp" 206
"../../../Engine/Content/EngineMaterials/Widget3DPassThrough.uasset" 207
"../../../Engine/Content/EngineMaterials/Widget3DPassThrough.uexp" 208
"../../../Engine/Content/EngineMaterials/Widget3DPassThrough_Translucent.uasset" 209
"../../../Engine/Content/EngineMaterials/Widget3DPassThrough_Translucent.uexp" 210
"../../../Engine/Content/EngineMaterials/Widget3DPassThrough_Translucent_OneSided.uasset" 211
"../../../Engine/Content/EngineMaterials/Widget3DPassThrough_Translucent_OneSided.uexp" 212
"../../../Engine/Content/EngineMaterials/Widget3DPassThrough_Opaque.uasset" 213
"../../../Engine/Content/EngineMaterials/Widget3DPassThrough_Opaque.uexp" 214
"../../../Engine/Content/EngineMaterials/Widget3DPassThrough_Opaque_OneSided.uasset" 215
"../../../Engine/Content/EngineMaterials/Widget3DPassThrough_Opaque_OneSided.uexp" 216
"../../../Engine/Content/EngineMaterials/Widget3DPassThrough_Masked_OneSided.uasset" 217
"../../../Engine/Content/EngineMaterials/Widget3DPassThrough_Masked_OneSided.uexp" 218
"../../../Engine/Content/EngineMaterials/Widget3DPassThrough_Masked.uasset" 219
"../../../Engine/Content/EngineMaterials/Widget3DPassThrough_Masked.uexp" 220
"../../../Engine/Content/EngineMaterials/STBlueNoise_vec2_128x128x64.uasset" 221
"../../../Engine/Content/EngineMaterials/STBlueNoise_vec2_128x128x64.uexp" 222
"../../../Engine/Content/EngineMaterials/STBlueNoise_scalar_128x128x64.uasset" 223
"../../../Engine/Content/EngineMaterials/STBlueNoise_scalar_128x128x64.uexp" 224
"../../../Engine/Content/EngineMaterials/RemoveSurfaceMaterial.uasset" 225
"../../../Engine/Content/EngineMaterials/RemoveSurfaceMaterial.uexp" 226
"../../../Engine/Content/EngineMaterials/DefaultCalibrationGrayscale.uasset" 227
"../../../Engine/Content/EngineMaterials/DefaultCalibrationGrayscale.uexp" 228
"../../../Engine/Content/EngineMaterials/PPM_DefaultCalibrationGrayscale.uasset" 229
"../../../Engine/Content/EngineMaterials/PPM_DefaultCalibrationGrayscale.uexp" 230
"../../../Engine/Content/EngineMaterials/DefaultCalibrationColor.uasset" 231
"../../../Engine/Content/EngineMaterials/DefaultCalibrationColor.uexp" 232
"../../../Engine/Content/EngineMaterials/PPM_DefaultCalibrationColor.uasset" 233
"../../../Engine/Content/EngineMaterials/PPM_DefaultCalibrationColor.uexp" 234
"../../../Engine/Content/Functions/Engine_MaterialFunctions02/WorldPositionOffset/CameraOffset.uasset" 235
"../../../Engine/Content/Functions/Engine_MaterialFunctions02/WorldPositionOffset/CameraOffset.uexp" 236
"../../../Engine/Content/EngineMaterials/PhAT_JointLimitMaterial.uasset" 237
"../../../Engine/Content/EngineMaterials/PhAT_JointLimitMaterial.uexp" 238
"../../../Engine/Content/EngineMaterials/InvalidLightmapSettings.ubulk" 239
"../../../Engine/Content/EngineMaterials/InvalidLightmapSettings.uasset" 240
"../../../Engine/Content/EngineMaterials/InvalidLightmapSettings.uexp" 241
"../../../Engine/Content/EngineMaterials/M_InvalidLightmapSettings.uasset" 242
"../../../Engine/Content/EngineMaterials/M_InvalidLightmapSettings.uexp" 243
"../../../Engine/Content/EngineMaterials/GizmoMaterial.uasset" 244
"../../../Engine/Content/EngineMaterials/GizmoMaterial.uexp" 245
"../../../Engine/Content/EngineMaterials/BaseFlattenEmissiveMap_VT.uasset" 246
"../../../Engine/Content/EngineMaterials/BaseFlattenEmissiveMap_VT.uexp" 247
"../../../Engine/Content/EngineMaterials/BaseFlattenGrayscaleMap_VT.uasset" 248
"../../../Engine/Content/EngineMaterials/BaseFlattenGrayscaleMap_VT.uexp" 249
"../../../Engine/Content/EngineMaterials/BaseFlattenLinearColor_VT.uasset" 250
"../../../Engine/Content/EngineMaterials/BaseFlattenLinearColor_VT.uexp" 251
"../../../Engine/Content/EngineMaterials/Black_1x1_EXR_Texture_VT.uasset" 252
"../../../Engine/Content/EngineMaterials/Black_1x1_EXR_Texture_VT.uexp" 253
"../../../Engine/Content/EngineMaterials/BaseFlattenDiffuseMap_VT.uasset" 254
"../../../Engine/Content/EngineMaterials/BaseFlattenDiffuseMap_VT.uexp" 255
"../../../Engine/Content/EngineMaterials/BaseFlattenNormalMap_VT.uasset" 256
"../../../Engine/Content/EngineMaterials/BaseFlattenNormalMap_VT.uexp" 257
"../../../Engine/Content/EngineMaterials/FlattenMaterial_WS_Normal_VT.uasset" 258
"../../../Engine/Content/EngineMaterials/FlattenMaterial_WS_Normal_VT.uexp" 259
"../../../Engine/Content/EngineMaterials/FlattenMaterial_VT.uasset" 260
"../../../Engine/Content/EngineMaterials/FlattenMaterial_VT.uexp" 261
"../../../Engine/Content/EngineMaterials/BaseFlattenNormalMap.uasset" 262
"../../../Engine/Content/EngineMaterials/BaseFlattenNormalMap.uexp" 263
"../../../Engine/Content/EngineMaterials/BaseFlattenGrayscaleMap.uasset" 264
"../../../Engine/Content/EngineMaterials/BaseFlattenGrayscaleMap.uexp" 265
"../../../Engine/Content/EngineMaterials/BaseFlattenDiffuseMap.uasset" 266
"../../../Engine/Content/EngineMaterials/BaseFlattenDiffuseMap.uexp" 267
"../../../Engine/Content/Functions/Engine_MaterialFunctions02/PivotPainter2/Black_1x1_EXR_Texture.uasset" 268
"../../../Engine/Content/Functions/Engine_MaterialFunctions02/PivotPainter2/Black_1x1_EXR_Texture.uexp" 269
"../../../Engine/Content/EngineMaterials/BaseFlattenEmissiveMap.uasset" 270
"../../../Engine/Content/EngineMaterials/BaseFlattenEmissiveMap.uexp" 271
"../../../Engine/Content/EngineMaterials/BaseFlattenLinearColor.uasset" 272
"../../../Engine/Content/EngineMaterials/BaseFlattenLinearColor.uexp" 273
"../../../Engine/Content/EngineMaterials/FlattenMaterial.uasset" 274
"../../../Engine/Content/EngineMaterials/FlattenMaterial.uexp" 275
"../../../Engine/Content/EngineMaterials/DefaultWhiteGrid_Low.uasset" 276
"../../../Engine/Content/EngineMaterials/DefaultWhiteGrid_Low.uexp" 277
"../../../Engine/Content/EngineMaterials/EmissiveMeshMaterial.uasset" 278
"../../../Engine/Content/EngineMaterials/EmissiveMeshMaterial.uexp" 279
"../../../Engine/Content/EngineFonts/RobotoDistanceField.uasset" 280
"../../../Engine/Content/EngineFonts/RobotoDistanceField.uexp" 281
"../../../Engine/Content/EngineMaterials/DefaultTextMaterialOpaque.uasset" 282
"../../../Engine/Content/EngineMaterials/DefaultTextMaterialOpaque.uexp" 283
"../../../Engine/Content/EngineMaterials/DefaultDiffuse.ubulk" 284
"../../../Engine/Content/EngineMaterials/DefaultDiffuse.uasset" 285
"../../../Engine/Content/EngineMaterials/DefaultDiffuse.uexp" 286
"../../../Engine/Content/Functions/Engine_MaterialFunctions02/Utility/BreakOutFloat2Components.uasset" 287
"../../../Engine/Content/Functions/Engine_MaterialFunctions02/Utility/BreakOutFloat2Components.uexp" 288
"../../../Engine/Content/EngineMaterials/DefaultPostProcessMaterial.uasset" 289
"../../../Engine/Content/EngineMaterials/DefaultPostProcessMaterial.uexp" 290
"../../../Engine/Content/EngineMaterials/DefaultPhysicalMaterial.uasset" 291
"../../../Engine/Content/EngineMaterials/DefaultPhysicalMaterial.uexp" 292
"../../../Engine/Content/EngineMaterials/DefaultLightFunctionMaterial.uasset" 293
"../../../Engine/Content/EngineMaterials/DefaultLightFunctionMaterial.uexp" 294
"../../../Engine/Content/EngineMaterials/DefaultDestructiblePhysicalMaterial.uasset" 295
"../../../Engine/Content/EngineMaterials/DefaultDestructiblePhysicalMaterial.uexp" 296
"../../../Engine/Content/EngineMaterials/DefaultDeferredDecalMaterial.uasset" 297
"../../../Engine/Content/EngineMaterials/DefaultDeferredDecalMaterial.uexp" 298
"../../../Engine/Content/EngineMaterials/DefaultBloomKernel.uasset" 299
"../../../Engine/Content/EngineMaterials/DefaultBloomKernel.uexp" 300
"../../../Engine/Content/EngineResources/FilmGrains/Marcie_Grain_v3_128_M2_000.uasset" 301
"../../../Engine/Content/EngineResources/FilmGrains/Marcie_Grain_v3_128_M2_000.uexp" 302
"../../../Engine/Content/EngineSky/VolumetricClouds/CloudWeatherTexture.uasset" 303
"../../../Engine/Content/EngineSky/VolumetricClouds/CloudWeatherTexture.uexp" 304
"../../../Engine/Content/Functions/Engine_MaterialFunctions02/Utility/MakeFloat2.uasset" 305
"../../../Engine/Content/Functions/Engine_MaterialFunctions02/Utility/MakeFloat2.uexp" 306
"../../../Engine/Content/EngineSky/VolumetricClouds/CloudGradientTexture.uasset" 307
"../../../Engine/Content/EngineSky/VolumetricClouds/CloudGradientTexture.uexp" 308
"../../../Engine/Content/EngineSky/VolumetricClouds/T_NoiseShape64.ubulk" 309
"../../../Engine/Content/EngineSky/VolumetricClouds/T_NoiseShape64.uasset" 310
"../../../Engine/Content/EngineSky/VolumetricClouds/T_NoiseShape64.uexp" 311
"../../../Engine/Content/EngineSky/VolumetricClouds/T_VolumeNoiseShape64.uasset" 312
"../../../Engine/Content/EngineSky/VolumetricClouds/T_VolumeNoiseShape64.uexp" 313
"../../../Engine/Content/EngineSky/VolumetricClouds/T_NoiseErosion.ubulk" 314
"../../../Engine/Content/EngineSky/VolumetricClouds/T_NoiseErosion.uasset" 315
"../../../Engine/Content/EngineSky/VolumetricClouds/T_NoiseErosion.uexp" 316
"../../../Engine/Content/EngineSky/VolumetricClouds/T_VolumeNoiseErosion32.uasset" 317
"../../../Engine/Content/EngineSky/VolumetricClouds/T_VolumeNoiseErosion32.uexp" 318
"../../../Engine/Content/EngineSky/VolumetricClouds/m_SimpleVolumetricCloud.uasset" 319
"../../../Engine/Content/EngineSky/VolumetricClouds/m_SimpleVolumetricCloud.uexp" 320
"../../../Engine/Content/EngineSky/VolumetricClouds/m_SimpleVolumetricCloud_Inst.uasset" 321
"../../../Engine/Content/EngineSky/VolumetricClouds/m_SimpleVolumetricCloud_Inst.uexp" 322
"../../../Engine/Content/EngineSounds/Master.uasset" 323
"../../../Engine/Content/EngineSounds/Master.uexp" 324
"../../../Engine/Content/Functions/Engine_MaterialFunctions01/Shading/PowerToRoughness.uasset" 325
"../../../Engine/Content/Functions/Engine_MaterialFunctions01/Shading/PowerToRoughness.uexp" 326
"../../../Engine/Content/MobileResources/HUD/VirtualJoystick_Background.uasset" 327
"../../../Engine/Content/MobileResources/HUD/VirtualJoystick_Background.uexp" 328
"../../../Engine/Content/MobileResources/HUD/VirtualJoystick_Thumb.uasset" 329
"../../../Engine/Content/MobileResources/HUD/VirtualJoystick_Thumb.uexp" 330
"../../../Engine/Content/MobileResources/HUD/DefaultVirtualJoysticks.uasset" 331
"../../../Engine/Content/MobileResources/HUD/DefaultVirtualJoysticks.uexp" 332
"../../../Engine/Plugins/2D/Paper2D/Content/PlaceholderTextures/DummySpriteTexture.ubulk" 333
"../../../Engine/Plugins/2D/Paper2D/Content/PlaceholderTextures/DummySpriteTexture.uasset" 334
"../../../Engine/Plugins/2D/Paper2D/Content/PlaceholderTextures/DummySpriteTexture.uexp" 335
"../../../Engine/Plugins/2D/Paper2D/Content/DefaultSpriteMaterial.uasset" 336
"../../../Engine/Plugins/2D/Paper2D/Content/DefaultSpriteMaterial.uexp" 337
"../../../Engine/Plugins/2D/Paper2D/Content/OpaqueUnlitSpriteMaterial.uasset" 338
"../../../Engine/Plugins/2D/Paper2D/Content/OpaqueUnlitSpriteMaterial.uexp" 339
"../../../Engine/Plugins/2D/Paper2D/Content/MaskedUnlitSpriteMaterial.uasset" 340
"../../../Engine/Plugins/2D/Paper2D/Content/MaskedUnlitSpriteMaterial.uexp" 341
"../../../Engine/Plugins/2D/Paper2D/Content/DummySprite.uasset" 342
"../../../Engine/Plugins/2D/Paper2D/Content/DummySprite.uexp" 343
"../../../Engine/Plugins/2D/Paper2D/Content/DefaultPaperTerrainMaterial.uasset" 344
"../../../Engine/Plugins/2D/Paper2D/Content/DefaultPaperTerrainMaterial.uexp" 345
"../../../Engine/Plugins/Animation/ControlRig/Content/M_Manip.uasset" 346
"../../../Engine/Plugins/Animation/ControlRig/Content/M_Manip.uexp" 347
"../../../Engine/Plugins/Animation/ControlRig/Content/Controls/DefaultGizmoLibraryNormalized.uasset" 348
"../../../Engine/Plugins/Animation/ControlRig/Content/Controls/DefaultGizmoLibraryNormalized.uexp" 349
"../../../Engine/Plugins/Animation/ControlRig/Content/Controls/ControlRig_Wedge_solid.ubulk" 350
"../../../Engine/Plugins/Animation/ControlRig/Content/Controls/ControlRig_Wedge_solid.uasset" 351
"../../../Engine/Plugins/Animation/ControlRig/Content/Controls/ControlRig_Wedge_solid.uexp" 352
"../../../Engine/Plugins/Animation/ControlRig/Content/Controls/ControlRig_Wedge_3mm.ubulk" 353
"../../../Engine/Plugins/Animation/ControlRig/Content/Controls/ControlRig_Wedge_3mm.uasset" 354
"../../../Engine/Plugins/Animation/ControlRig/Content/Controls/ControlRig_Wedge_3mm.uexp" 355
"../../../Engine/Plugins/Animation/ControlRig/Content/Controls/ControlRig_Wedge_1mm.ubulk" 356
"../../../Engine/Plugins/Animation/ControlRig/Content/Controls/ControlRig_Wedge_1mm.uasset" 357
"../../../Engine/Plugins/Animation/ControlRig/Content/Controls/ControlRig_Wedge_1mm.uexp" 358
"../../../Engine/Plugins/Animation/ControlRig/Content/Controls/ControlRig_Triangle_solid.ubulk" 359
"../../../Engine/Plugins/Animation/ControlRig/Content/Controls/ControlRig_Triangle_solid.uasset" 360
"../../../Engine/Plugins/Animation/ControlRig/Content/Controls/ControlRig_Triangle_solid.uexp" 361
"../../../Engine/Plugins/Animation/ControlRig/Content/Controls/ControlRig_Triangle_3mm.ubulk" 362
"../../../Engine/Plugins/Animation/ControlRig/Content/Controls/ControlRig_Triangle_3mm.uasset" 363
"../../../Engine/Plugins/Animation/ControlRig/Content/Controls/ControlRig_Triangle_3mm.uexp" 364
"../../../Engine/Plugins/Animation/ControlRig/Content/Controls/ControlRig_Triangle_1mm.ubulk" 365
"../../../Engine/Plugins/Animation/ControlRig/Content/Controls/ControlRig_Triangle_1mm.uasset" 366
"../../../Engine/Plugins/Animation/ControlRig/Content/Controls/ControlRig_Triangle_1mm.uexp" 367
"../../../Engine/Plugins/Animation/ControlRig/Content/Controls/ControlRig_Star4_solid.ubulk" 368
"../../../Engine/Plugins/Animation/ControlRig/Content/Controls/ControlRig_Star4_solid.uasset" 369
"../../../Engine/Plugins/Animation/ControlRig/Content/Controls/ControlRig_Star4_solid.uexp" 370
"../../../Engine/Plugins/Animation/ControlRig/Content/Controls/ControlRig_Star4_3mm.ubulk" 371
"../../../Engine/Plugins/Animation/ControlRig/Content/Controls/ControlRig_Star4_3mm.uasset" 372
"../../../Engine/Plugins/Animation/ControlRig/Content/Controls/ControlRig_Star4_3mm.uexp" 373
"../../../Engine/Plugins/Animation/ControlRig/Content/Controls/ControlRig_Star4_1mm.ubulk" 374
"../../../Engine/Plugins/Animation/ControlRig/Content/Controls/ControlRig_Star4_1mm.uasset" 375
"../../../Engine/Plugins/Animation/ControlRig/Content/Controls/ControlRig_Star4_1mm.uexp" 376
"../../../Engine/Plugins/Animation/ControlRig/Content/Controls/ControlRig_Square_solid.ubulk" 377
"../../../Engine/Plugins/Animation/ControlRig/Content/Controls/ControlRig_Square_solid.uasset" 378
"../../../Engine/Plugins/Animation/ControlRig/Content/Controls/ControlRig_Square_solid.uexp" 379
"../../../Engine/Plugins/Animation/ControlRig/Content/Controls/ControlRig_Square_3mm.ubulk" 380
"../../../Engine/Plugins/Animation/ControlRig/Content/Controls/ControlRig_Square_3mm.uasset" 381
"../../../Engine/Plugins/Animation/ControlRig/Content/Controls/ControlRig_Square_3mm.uexp" 382
"../../../Engine/Plugins/Animation/ControlRig/Content/Controls/ControlRig_Square_1mm.ubulk" 383
"../../../Engine/Plugins/Animation/ControlRig/Content/Controls/ControlRig_Square_1mm.uasset" 384
"../../../Engine/Plugins/Animation/ControlRig/Content/Controls/ControlRig_Square_1mm.uexp" 385
"../../../Engine/Plugins/Animation/ControlRig/Content/Controls/ControlRig_Sphere_solid.ubulk" 386
"../../../Engine/Plugins/Animation/ControlRig/Content/Controls/ControlRig_Sphere_solid.uasset" 387
"../../../Engine/Plugins/Animation/ControlRig/Content/Controls/ControlRig_Sphere_solid.uexp" 388
"../../../Engine/Plugins/Animation/ControlRig/Content/Controls/ControlRig_Sphere_3mm.ubulk" 389
"../../../Engine/Plugins/Animation/ControlRig/Content/Controls/ControlRig_Sphere_3mm.uasset" 390
"../../../Engine/Plugins/Animation/ControlRig/Content/Controls/ControlRig_Sphere_3mm.uexp" 391
"../../../Engine/Plugins/Animation/ControlRig/Content/Controls/ControlRig_Sphere_1mm.ubulk" 392
"../../../Engine/Plugins/Animation/ControlRig/Content/Controls/ControlRig_Sphere_1mm.uasset" 393
"../../../Engine/Plugins/Animation/ControlRig/Content/Controls/ControlRig_Sphere_1mm.uexp" 394
"../../../Engine/Plugins/Animation/ControlRig/Content/Controls/ControlRig_RoundedTriangle_solid.ubulk" 395
"../../../Engine/Plugins/Animation/ControlRig/Content/Controls/ControlRig_RoundedTriangle_solid.uasset" 396
"../../../Engine/Plugins/Animation/ControlRig/Content/Controls/ControlRig_RoundedTriangle_solid.uexp" 397
"../../../Engine/Plugins/Animation/ControlRig/Content/Controls/ControlRig_RoundedTriangle_3mm.ubulk" 398
"../../../Engine/Plugins/Animation/ControlRig/Content/Controls/ControlRig_RoundedTriangle_3mm.uasset" 399
"../../../Engine/Plugins/Animation/ControlRig/Content/Controls/ControlRig_RoundedTriangle_3mm.uexp" 400
"../../../Engine/Plugins/Animation/ControlRig/Content/Controls/ControlRig_RoundedTriangle_1mm.ubulk" 401
"../../../Engine/Plugins/Animation/ControlRig/Content/Controls/ControlRig_RoundedTriangle_1mm.uasset" 402
"../../../Engine/Plugins/Animation/ControlRig/Content/Controls/ControlRig_RoundedTriangle_1mm.uexp" 403
"../../../Engine/Plugins/Animation/ControlRig/Content/Controls/ControlRig_RoundedSquare_solid.ubulk" 404
"../../../Engine/Plugins/Animation/ControlRig/Content/Controls/ControlRig_RoundedSquare_solid.uasset" 405
"../../../Engine/Plugins/Animation/ControlRig/Content/Controls/ControlRig_RoundedSquare_solid.uexp" 406
"../../../Engine/Plugins/Animation/ControlRig/Content/Controls/ControlRig_RoundedSquare_3mm.ubulk" 407
"../../../Engine/Plugins/Animation/ControlRig/Content/Controls/ControlRig_RoundedSquare_3mm.uasset" 408
"../../../Engine/Plugins/Animation/ControlRig/Content/Controls/ControlRig_RoundedSquare_3mm.uexp" 409
"../../../Engine/Plugins/Animation/ControlRig/Content/Controls/ControlRig_RoundedSquare_1mm.ubulk" 410
"../../../Engine/Plugins/Animation/ControlRig/Content/Controls/ControlRig_RoundedSquare_1mm.uasset" 411
"../../../Engine/Plugins/Animation/ControlRig/Content/Controls/ControlRig_RoundedSquare_1mm.uexp" 412
"../../../Engine/Plugins/Animation/ControlRig/Content/Controls/ControlRig_QuarterCircle_solid.ubulk" 413
"../../../Engine/Plugins/Animation/ControlRig/Content/Controls/ControlRig_QuarterCircle_solid.uasset" 414
"../../../Engine/Plugins/Animation/ControlRig/Content/Controls/ControlRig_QuarterCircle_solid.uexp" 415
"../../../Engine/Plugins/Animation/ControlRig/Content/Controls/ControlRig_QuarterCircle_3mm.ubulk" 416
"../../../Engine/Plugins/Animation/ControlRig/Content/Controls/ControlRig_QuarterCircle_3mm.uasset" 417
"../../../Engine/Plugins/Animation/ControlRig/Content/Controls/ControlRig_QuarterCircle_3mm.uexp" 418
"../../../Engine/Plugins/Animation/ControlRig/Content/Controls/ControlRig_QuarterCircle_1mm.ubulk" 419
"../../../Engine/Plugins/Animation/ControlRig/Content/Controls/ControlRig_QuarterCircle_1mm.uasset" 420
"../../../Engine/Plugins/Animation/ControlRig/Content/Controls/ControlRig_QuarterCircle_1mm.uexp" 421
"../../../Engine/Plugins/Animation/ControlRig/Content/Controls/ControlRig_Pyramid_solid.ubulk" 422
"../../../Engine/Plugins/Animation/ControlRig/Content/Controls/ControlRig_Pyramid_solid.uasset" 423
"../../../Engine/Plugins/Animation/ControlRig/Content/Controls/ControlRig_Pyramid_solid.uexp" 424
"../../../Engine/Plugins/Animation/ControlRig/Content/Controls/ControlRig_Pyramid_3mm.ubulk" 425
"../../../Engine/Plugins/Animation/ControlRig/Content/Controls/ControlRig_Pyramid_3mm.uasset" 426
"../../../Engine/Plugins/Animation/ControlRig/Content/Controls/ControlRig_Pyramid_3mm.uexp" 427
"../../../Engine/Plugins/Animation/ControlRig/Content/Controls/ControlRig_Pyramid_1mm.ubulk" 428
"../../../Engine/Plugins/Animation/ControlRig/Content/Controls/ControlRig_Pyramid_1mm.uasset" 429
"../../../Engine/Plugins/Animation/ControlRig/Content/Controls/ControlRig_Pyramid_1mm.uexp" 430
"../../../Engine/Plugins/Animation/ControlRig/Content/Controls/ControlRig_Octagon_solid.ubulk" 431
"../../../Engine/Plugins/Animation/ControlRig/Content/Controls/ControlRig_Octagon_solid.uasset" 432
"../../../Engine/Plugins/Animation/ControlRig/Content/Controls/ControlRig_Octagon_solid.uexp" 433
"../../../Engine/Plugins/Animation/ControlRig/Content/Controls/ControlRig_Octagon_3mm.ubulk" 434
"../../../Engine/Plugins/Animation/ControlRig/Content/Controls/ControlRig_Octagon_3mm.uasset" 435
"../../../Engine/Plugins/Animation/ControlRig/Content/Controls/ControlRig_Octagon_3mm.uexp" 436
"../../../Engine/Plugins/Animation/ControlRig/Content/Controls/ControlRig_Octagon_1mm.ubulk" 437
"../../../Engine/Plugins/Animation/ControlRig/Content/Controls/ControlRig_Octagon_1mm.uasset" 438
"../../../Engine/Plugins/Animation/ControlRig/Content/Controls/ControlRig_Octagon_1mm.uexp" 439
"../../../Engine/Plugins/Animation/ControlRig/Content/Controls/ControlRig_Hexagon_solid.ubulk" 440
"../../../Engine/Plugins/Animation/ControlRig/Content/Controls/ControlRig_Hexagon_solid.uasset" 441
"../../../Engine/Plugins/Animation/ControlRig/Content/Controls/ControlRig_Hexagon_solid.uexp" 442
"../../../Engine/Plugins/Animation/ControlRig/Content/Controls/ControlRig_Hexagon_3mm.ubulk" 443
"../../../Engine/Plugins/Animation/ControlRig/Content/Controls/ControlRig_Hexagon_3mm.uasset" 444
"../../../Engine/Plugins/Animation/ControlRig/Content/Controls/ControlRig_Hexagon_3mm.uexp" 445
"../../../Engine/Plugins/Animation/ControlRig/Content/Controls/ControlRig_Hexagon_1mm.ubulk" 446
"../../../Engine/Plugins/Animation/ControlRig/Content/Controls/ControlRig_Hexagon_1mm.uasset" 447
"../../../Engine/Plugins/Animation/ControlRig/Content/Controls/ControlRig_Hexagon_1mm.uexp" 448
"../../../Engine/Plugins/Animation/ControlRig/Content/Controls/ControlRig_HalfCircle_solid.ubulk" 449
"../../../Engine/Plugins/Animation/ControlRig/Content/Controls/ControlRig_HalfCircle_solid.uasset" 450
"../../../Engine/Plugins/Animation/ControlRig/Content/Controls/ControlRig_HalfCircle_solid.uexp" 451
"../../../Engine/Plugins/Animation/ControlRig/Content/Controls/ControlRig_HalfCircle_3mm.ubulk" 452
"../../../Engine/Plugins/Animation/ControlRig/Content/Controls/ControlRig_HalfCircle_3mm.uasset" 453
"../../../Engine/Plugins/Animation/ControlRig/Content/Controls/ControlRig_HalfCircle_3mm.uexp" 454
"../../../Engine/Plugins/Animation/ControlRig/Content/Controls/ControlRig_HalfCircle_1mm.ubulk" 455
"../../../Engine/Plugins/Animation/ControlRig/Content/Controls/ControlRig_HalfCircle_1mm.uasset" 456
"../../../Engine/Plugins/Animation/ControlRig/Content/Controls/ControlRig_HalfCircle_1mm.uexp" 457
"../../../Engine/Plugins/Animation/ControlRig/Content/Controls/ControlRig_Diamond_solid.ubulk" 458
"../../../Engine/Plugins/Animation/ControlRig/Content/Controls/ControlRig_Diamond_solid.uasset" 459
"../../../Engine/Plugins/Animation/ControlRig/Content/Controls/ControlRig_Diamond_solid.uexp" 460
"../../../Engine/Plugins/Animation/ControlRig/Content/Controls/ControlRig_Diamond_3mm.ubulk" 461
"../../../Engine/Plugins/Animation/ControlRig/Content/Controls/ControlRig_Diamond_3mm.uasset" 462
"../../../Engine/Plugins/Animation/ControlRig/Content/Controls/ControlRig_Diamond_3mm.uexp" 463
"../../../Engine/Plugins/Animation/ControlRig/Content/Controls/ControlRig_Diamond_1mm.ubulk" 464
"../../../Engine/Plugins/Animation/ControlRig/Content/Controls/ControlRig_Diamond_1mm.uasset" 465
"../../../Engine/Plugins/Animation/ControlRig/Content/Controls/ControlRig_Diamond_1mm.uexp" 466
"../../../Engine/Plugins/Animation/ControlRig/Content/Controls/ControlRig_Circle_solid.ubulk" 467
"../../../Engine/Plugins/Animation/ControlRig/Content/Controls/ControlRig_Circle_solid.uasset" 468
"../../../Engine/Plugins/Animation/ControlRig/Content/Controls/ControlRig_Circle_solid.uexp" 469
"../../../Engine/Plugins/Animation/ControlRig/Content/Controls/ControlRig_Circle_3mm.ubulk" 470
"../../../Engine/Plugins/Animation/ControlRig/Content/Controls/ControlRig_Circle_3mm.uasset" 471
"../../../Engine/Plugins/Animation/ControlRig/Content/Controls/ControlRig_Circle_3mm.uexp" 472
"../../../Engine/Plugins/Animation/ControlRig/Content/Controls/ControlRig_Circle_1mm.ubulk" 473
"../../../Engine/Plugins/Animation/ControlRig/Content/Controls/ControlRig_Circle_1mm.uasset" 474
"../../../Engine/Plugins/Animation/ControlRig/Content/Controls/ControlRig_Circle_1mm.uexp" 475
"../../../Engine/Plugins/Animation/ControlRig/Content/Controls/ControlRig_Box_solid.ubulk" 476
"../../../Engine/Plugins/Animation/ControlRig/Content/Controls/ControlRig_Box_solid.uasset" 477
"../../../Engine/Plugins/Animation/ControlRig/Content/Controls/ControlRig_Box_solid.uexp" 478
"../../../Engine/Plugins/Animation/ControlRig/Content/Controls/ControlRig_Box_3mm.ubulk" 479
"../../../Engine/Plugins/Animation/ControlRig/Content/Controls/ControlRig_Box_3mm.uasset" 480
"../../../Engine/Plugins/Animation/ControlRig/Content/Controls/ControlRig_Box_3mm.uexp" 481
"../../../Engine/Plugins/Animation/ControlRig/Content/Controls/ControlRig_Box_1mm.ubulk" 482
"../../../Engine/Plugins/Animation/ControlRig/Content/Controls/ControlRig_Box_1mm.uasset" 483
"../../../Engine/Plugins/Animation/ControlRig/Content/Controls/ControlRig_Box_1mm.uexp" 484
"../../../Engine/Plugins/Animation/ControlRig/Content/Controls/ControlRig_Arrow_solid.ubulk" 485
"../../../Engine/Plugins/Animation/ControlRig/Content/Controls/ControlRig_Arrow_solid.uasset" 486
"../../../Engine/Plugins/Animation/ControlRig/Content/Controls/ControlRig_Arrow_solid.uexp" 487
"../../../Engine/Plugins/Animation/ControlRig/Content/Controls/ControlRig_Arrow_3mm.ubulk" 488
"../../../Engine/Plugins/Animation/ControlRig/Content/Controls/ControlRig_Arrow_3mm.uasset" 489
"../../../Engine/Plugins/Animation/ControlRig/Content/Controls/ControlRig_Arrow_3mm.uexp" 490
"../../../Engine/Plugins/Animation/ControlRig/Content/Controls/ControlRig_Arrow_1mm.ubulk" 491
"../../../Engine/Plugins/Animation/ControlRig/Content/Controls/ControlRig_Arrow_1mm.uasset" 492
"../../../Engine/Plugins/Animation/ControlRig/Content/Controls/ControlRig_Arrow_1mm.uexp" 493
"../../../Engine/Plugins/Animation/ControlRig/Content/Controls/ControlRig_Arrow4_solid.ubulk" 494
"../../../Engine/Plugins/Animation/ControlRig/Content/Controls/ControlRig_Arrow4_solid.uasset" 495
"../../../Engine/Plugins/Animation/ControlRig/Content/Controls/ControlRig_Arrow4_solid.uexp" 496
"../../../Engine/Plugins/Animation/ControlRig/Content/Controls/ControlRig_Arrow4_3mm.ubulk" 497
"../../../Engine/Plugins/Animation/ControlRig/Content/Controls/ControlRig_Arrow4_3mm.uasset" 498
"../../../Engine/Plugins/Animation/ControlRig/Content/Controls/ControlRig_Arrow4_3mm.uexp" 499
"../../../Engine/Plugins/Animation/ControlRig/Content/Controls/ControlRig_Arrow4_1mm.ubulk" 500
"../../../Engine/Plugins/Animation/ControlRig/Content/Controls/ControlRig_Arrow4_1mm.uasset" 501
"../../../Engine/Plugins/Animation/ControlRig/Content/Controls/ControlRig_Arrow4_1mm.uexp" 502
"../../../Engine/Plugins/Animation/ControlRig/Content/Controls/ControlRig_Arrow2_solid.ubulk" 503
"../../../Engine/Plugins/Animation/ControlRig/Content/Controls/ControlRig_Arrow2_solid.uasset" 504
"../../../Engine/Plugins/Animation/ControlRig/Content/Controls/ControlRig_Arrow2_solid.uexp" 505
"../../../Engine/Plugins/Animation/ControlRig/Content/Controls/ControlRig_Arrow2_3mm.ubulk" 506
"../../../Engine/Plugins/Animation/ControlRig/Content/Controls/ControlRig_Arrow2_3mm.uasset" 507
"../../../Engine/Plugins/Animation/ControlRig/Content/Controls/ControlRig_Arrow2_3mm.uexp" 508
"../../../Engine/Plugins/Animation/ControlRig/Content/Controls/ControlRig_Arrow2_1mm.ubulk" 509
"../../../Engine/Plugins/Animation/ControlRig/Content/Controls/ControlRig_Arrow2_1mm.uasset" 510
"../../../Engine/Plugins/Animation/ControlRig/Content/Controls/ControlRig_Arrow2_1mm.uexp" 511
"../../../Engine/Plugins/Animation/ControlRig/Content/Controls/ControlRigXRayMaterial.uasset" 512
"../../../Engine/Plugins/Animation/ControlRig/Content/Controls/ControlRigXRayMaterial.uexp" 513
"../../../Engine/Plugins/Animation/ControlRig/Content/Controls/ControlRigGizmoMaterial.uasset" 514
"../../../Engine/Plugins/Animation/ControlRig/Content/Controls/ControlRigGizmoMaterial.uexp" 515
"../../../Engine/Plugins/Editor/SpeedTreeImporter/Content/SpeedTree9/game_wind_noise.ubulk" 516
"../../../Engine/Plugins/Editor/SpeedTreeImporter/Content/SpeedTree9/game_wind_noise.uasset" 517
"../../../Engine/Plugins/Editor/SpeedTreeImporter/Content/SpeedTree9/game_wind_noise.uexp" 518
"../../../Engine/Plugins/Editor/SpeedTreeImporter/Content/SpeedTree9/UnpackDirection.uasset" 519
"../../../Engine/Plugins/Editor/SpeedTreeImporter/Content/SpeedTree9/UnpackDirection.uexp" 520
"../../../Engine/Content/Functions/Engine_MaterialFunctions02/ObjectLocalBounds.uasset" 521
"../../../Engine/Content/Functions/Engine_MaterialFunctions02/ObjectLocalBounds.uexp" 522
"../../../Engine/Content/Functions/Engine_MaterialFunctions02/UVs/BoundingBoxBased_0-1_UVW.uasset" 523
"../../../Engine/Content/Functions/Engine_MaterialFunctions02/UVs/BoundingBoxBased_0-1_UVW.uexp" 524
"../../../Engine/Content/Functions/Engine_MaterialFunctions02/Utility/VectorLength.uasset" 525
"../../../Engine/Content/Functions/Engine_MaterialFunctions02/Utility/VectorLength.uexp" 526
"../../../Engine/Plugins/Editor/SpeedTreeImporter/Content/SpeedTree9/UnpackInteger3.uasset" 527
"../../../Engine/Plugins/Editor/SpeedTreeImporter/Content/SpeedTree9/UnpackInteger3.uexp" 528
"../../../Engine/Plugins/Editor/SpeedTreeImporter/Content/SpeedTree9/SpeedTreeCameraFacing.uasset" 529
"../../../Engine/Plugins/Editor/SpeedTreeImporter/Content/SpeedTree9/SpeedTreeCameraFacing.uexp" 530
"../../../Engine/Content/Functions/Engine_MaterialFunctions02/WorldPositionOffset/ObjectScale.uasset" 531
"../../../Engine/Content/Functions/Engine_MaterialFunctions02/WorldPositionOffset/ObjectScale.uexp" 532
"../../../Engine/Content/Functions/Engine_MaterialFunctions02/SafeNormalize.uasset" 533
"../../../Engine/Content/Functions/Engine_MaterialFunctions02/SafeNormalize.uexp" 534
"../../../Engine/Plugins/Editor/SpeedTreeImporter/Content/SpeedTree9/SpeedTreeWindMotion.uasset" 535
"../../../Engine/Plugins/Editor/SpeedTreeImporter/Content/SpeedTree9/SpeedTreeWindMotion.uexp" 536
"../../../Engine/Plugins/Editor/SpeedTreeImporter/Content/SpeedTree9/SpeedTreeBranchMotion.uasset" 537
"../../../Engine/Plugins/Editor/SpeedTreeImporter/Content/SpeedTree9/SpeedTreeBranchMotion.uexp" 538
"../../../Engine/Plugins/Editor/SpeedTreeImporter/Content/SpeedTree9/SpeedTreeWind.uasset" 539
"../../../Engine/Plugins/Editor/SpeedTreeImporter/Content/SpeedTree9/SpeedTreeWind.uexp" 540
"../../../Engine/Plugins/Editor/SpeedTreeImporter/Content/SpeedTree9/EmptyNormal.uasset" 541
"../../../Engine/Plugins/Editor/SpeedTreeImporter/Content/SpeedTree9/EmptyNormal.uexp" 542
"../../../Engine/Plugins/Editor/SpeedTreeImporter/Content/SpeedTree9/Empty.uasset" 543
"../../../Engine/Plugins/Editor/SpeedTreeImporter/Content/SpeedTree9/Empty.uexp" 544
"../../../Engine/Plugins/Editor/SpeedTreeImporter/Content/SpeedTree9/SpeedTreeMaster.uasset" 545
"../../../Engine/Plugins/Editor/SpeedTreeImporter/Content/SpeedTree9/SpeedTreeMaster.uexp" 546
"../../../Engine/Plugins/Editor/SpeedTreeImporter/Content/SpeedTree9/SpeedTreeBillboard.uasset" 547
"../../../Engine/Plugins/Editor/SpeedTreeImporter/Content/SpeedTree9/SpeedTreeBillboard.uexp" 548
"../../../Engine/Plugins/Editor/SpeedTreeImporter/Content/SpeedTree9/SpeedTreeBillboardMaster.uasset" 549
"../../../Engine/Plugins/Editor/SpeedTreeImporter/Content/SpeedTree9/SpeedTreeBillboardMaster.uexp" 550
"../../../Engine/Content/Functions/Engine_MaterialFunctions02/Texturing/CustomRotator.uasset" 551
"../../../Engine/Content/Functions/Engine_MaterialFunctions02/Texturing/CustomRotator.uexp" 552
"../../../Engine/Content/Functions/Engine_MaterialFunctions02/Texturing/ScreenAlignedPixelToPixelUVs.uasset" 553
"../../../Engine/Content/Functions/Engine_MaterialFunctions02/Texturing/ScreenAlignedPixelToPixelUVs.uexp" 554
"../../../Engine/Plugins/Interchange/Runtime/Content/Utilities/T_Bayer64_Grayscale_64px.uasset" 555
"../../../Engine/Plugins/Interchange/Runtime/Content/Utilities/T_Bayer64_Grayscale_64px.uexp" 556
"../../../Engine/Plugins/Interchange/Runtime/Content/gltf/MaterialFunctions/MF_Temporal_Blur.uasset" 557
"../../../Engine/Plugins/Interchange/Runtime/Content/gltf/MaterialFunctions/MF_Temporal_Blur.uexp" 558
"../../../Engine/Plugins/Interchange/Runtime/Content/gltf/MaterialFunctions/MF_Fresnel_DS.uasset" 559
"../../../Engine/Plugins/Interchange/Runtime/Content/gltf/MaterialFunctions/MF_Fresnel_DS.uexp" 560
"../../../Engine/Plugins/Interchange/Runtime/Content/Functions/MX_Transmission.uasset" 561
"../../../Engine/Plugins/Interchange/Runtime/Content/Functions/MX_Transmission.uexp" 562
"../../../Engine/Plugins/Interchange/Runtime/Content/Functions/MF_OrenNayerView.uasset" 563
"../../../Engine/Plugins/Interchange/Runtime/Content/Functions/MF_OrenNayerView.uexp" 564
"../../../Engine/Plugins/Interchange/Runtime/Content/Functions/MF_SchlickApprox.uasset" 565
"../../../Engine/Plugins/Interchange/Runtime/Content/Functions/MF_SchlickApprox.uexp" 566
"../../../Engine/Plugins/Interchange/Runtime/Content/Utilities/New_LUT.uasset" 567
"../../../Engine/Plugins/Interchange/Runtime/Content/Utilities/New_LUT.uexp" 568
"../../../Engine/Content/Functions/Engine_MaterialFunctions03/Math/RemapValueRange.uasset" 569
"../../../Engine/Content/Functions/Engine_MaterialFunctions03/Math/RemapValueRange.uexp" 570
"../../../Engine/Plugins/Interchange/Runtime/Content/Functions/MF_Iridescence.uasset" 571
"../../../Engine/Plugins/Interchange/Runtime/Content/Functions/MF_Iridescence.uexp" 572
"../../../Engine/Plugins/Interchange/Runtime/Content/Functions/MX_StandardSurface.uasset" 573
"../../../Engine/Plugins/Interchange/Runtime/Content/Functions/MX_StandardSurface.uexp" 574
"../../../Engine/Plugins/Interchange/Runtime/Content/Functions/MX_TransmissionSurface.uasset" 575
"../../../Engine/Plugins/Interchange/Runtime/Content/Functions/MX_TransmissionSurface.uexp" 576
"../../../Engine/Content/Functions/Engine_MaterialFunctions02/Math/AddComponents.uasset" 577
"../../../Engine/Content/Functions/Engine_MaterialFunctions02/Math/AddComponents.uexp" 578
"../../../Engine/Content/Functions/Engine_MaterialFunctions02/WorldPositionOffset/V2/ObjectScale.uasset" 579
"../../../Engine/Content/Functions/Engine_MaterialFunctions02/WorldPositionOffset/V2/ObjectScale.uexp" 580
"../../../Engine/Plugins/Interchange/Runtime/Content/gltf/MaterialFunctions/MF_TransmissionOpacity.uasset" 581
"../../../Engine/Plugins/Interchange/Runtime/Content/gltf/MaterialFunctions/MF_TransmissionOpacity.uexp" 582
"../../../Engine/Plugins/Interchange/Runtime/Content/gltf/MaterialFunctions/MF_RotateV2.uasset" 583
"../../../Engine/Plugins/Interchange/Runtime/Content/gltf/MaterialFunctions/MF_RotateV2.uexp" 584
"../../../Engine/Plugins/Interchange/Runtime/Content/gltf/MaterialFunctions/MF_TransformUVs.uasset" 585
"../../../Engine/Plugins/Interchange/Runtime/Content/gltf/MaterialFunctions/MF_TransformUVs.uexp" 586
"../../../Engine/Plugins/Interchange/Runtime/Content/gltf/Textures/T_White_srgb.uasset" 587
"../../../Engine/Plugins/Interchange/Runtime/Content/gltf/Textures/T_White_srgb.uexp" 588
"../../../Engine/Plugins/Interchange/Runtime/Content/gltf/MaterialFunctions/MF_BaseColor.uasset" 589
"../../../Engine/Plugins/Interchange/Runtime/Content/gltf/MaterialFunctions/MF_BaseColor.uexp" 590
"../../../Engine/Plugins/Interchange/Runtime/Content/gltf/MaterialFunctions/MF_DiffuseSpecGloss.uasset" 591
"../../../Engine/Plugins/Interchange/Runtime/Content/gltf/MaterialFunctions/MF_DiffuseSpecGloss.uexp" 592
"../../../Engine/Plugins/Interchange/Runtime/Content/gltf/Textures/T_White_Linear.uasset" 593
"../../../Engine/Plugins/Interchange/Runtime/Content/gltf/Textures/T_White_Linear.uexp" 594
"../../../Engine/Plugins/Interchange/Runtime/Content/gltf/MaterialFunctions/MF_MetallicRoughness.uasset" 595
"../../../Engine/Plugins/Interchange/Runtime/Content/gltf/MaterialFunctions/MF_MetallicRoughness.uexp" 596
"../../../Engine/Plugins/Interchange/Runtime/Content/gltf/MaterialFunctions/MF_Transmission.uasset" 597
"../../../Engine/Plugins/Interchange/Runtime/Content/gltf/MaterialFunctions/MF_Transmission.uexp" 598
"../../../Engine/Plugins/Interchange/Runtime/Content/gltf/MaterialFunctions/MF_Occlusion.uasset" 599
"../../../Engine/Plugins/Interchange/Runtime/Content/gltf/MaterialFunctions/MF_Occlusion.uexp" 600
"../../../Engine/Plugins/Interchange/Runtime/Content/gltf/MaterialFunctions/MF_Specular.uasset" 601
"../../../Engine/Plugins/Interchange/Runtime/Content/gltf/MaterialFunctions/MF_Specular.uexp" 602
"../../../Engine/Plugins/Interchange/Runtime/Content/gltf/MaterialFunctions/MF_IOR.uasset" 603
"../../../Engine/Plugins/Interchange/Runtime/Content/gltf/MaterialFunctions/MF_IOR.uexp" 604
"../../../Engine/Content/Functions/Engine_MaterialFunctions01/Texturing/FlattenNormal.uasset" 605
"../../../Engine/Content/Functions/Engine_MaterialFunctions01/Texturing/FlattenNormal.uexp" 606
"../../../Engine/Content/Functions/Engine_MaterialFunctions02/Math/Transform3x3Matrix.uasset" 607
"../../../Engine/Content/Functions/Engine_MaterialFunctions02/Math/Transform3x3Matrix.uexp" 608
"../../../Engine/Plugins/Interchange/Runtime/Content/gltf/MaterialFunctions/MF_RotateNormals_TS.uasset" 609
"../../../Engine/Plugins/Interchange/Runtime/Content/gltf/MaterialFunctions/MF_RotateNormals_TS.uexp" 610
"../../../Engine/Plugins/Interchange/Runtime/Content/gltf/Textures/T_Generic_N.uasset" 611
"../../../Engine/Plugins/Interchange/Runtime/Content/gltf/Textures/T_Generic_N.uexp" 612
"../../../Engine/Plugins/Interchange/Runtime/Content/gltf/MaterialFunctions/MF_Normals.uasset" 613
"../../../Engine/Plugins/Interchange/Runtime/Content/gltf/MaterialFunctions/MF_Normals.uexp" 614
"../../../Engine/Plugins/Interchange/Runtime/Content/gltf/MaterialFunctions/MF_PerceivedBrightness.uasset" 615
"../../../Engine/Plugins/Interchange/Runtime/Content/gltf/MaterialFunctions/MF_PerceivedBrightness.uexp" 616
"../../../Engine/Plugins/Interchange/Runtime/Content/gltf/MaterialFunctions/MF_SpecGlossToMetalRoughness.uasset" 617
"../../../Engine/Plugins/Interchange/Runtime/Content/gltf/MaterialFunctions/MF_SpecGlossToMetalRoughness.uexp" 618
"../../../Engine/Plugins/Interchange/Runtime/Content/gltf/M_Transmission.uasset" 619
"../../../Engine/Plugins/Interchange/Runtime/Content/gltf/M_Transmission.uexp" 620
"../../../Engine/Plugins/Interchange/Runtime/Content/gltf/MaterialInstances_MR/MI_Transmission_TS.uasset" 621
"../../../Engine/Plugins/Interchange/Runtime/Content/gltf/MaterialInstances_MR/MI_Transmission_TS.uexp" 622
"../../../Engine/Plugins/Interchange/Runtime/Content/gltf/MaterialInstances_MR/MI_Transmission.uasset" 623
"../../../Engine/Plugins/Interchange/Runtime/Content/gltf/MaterialInstances_MR/MI_Transmission.uexp" 624
"../../../Engine/Plugins/Interchange/Runtime/Content/gltf/MaterialFunctions/MF_Clearcoat.uasset" 625
"../../../Engine/Plugins/Interchange/Runtime/Content/gltf/MaterialFunctions/MF_Clearcoat.uexp" 626
"../../../Engine/Plugins/Interchange/Runtime/Content/gltf/MaterialFunctions/MF_Emissive.uasset" 627
"../../../Engine/Plugins/Interchange/Runtime/Content/gltf/MaterialFunctions/MF_Emissive.uexp" 628
"../../../Engine/Plugins/Interchange/Runtime/Content/gltf/M_Translucent.uasset" 629
"../../../Engine/Plugins/Interchange/Runtime/Content/gltf/M_Translucent.uexp" 630
"../../../Engine/Plugins/Interchange/Runtime/Content/gltf/MaterialInstances_MR/MI_Translucent_TS.uasset" 631
"../../../Engine/Plugins/Interchange/Runtime/Content/gltf/MaterialInstances_MR/MI_Translucent_TS.uexp" 632
"../../../Engine/Plugins/Interchange/Runtime/Content/gltf/MaterialInstances_MR/MI_Translucent_ClearCoat_TS.uasset" 633
"../../../Engine/Plugins/Interchange/Runtime/Content/gltf/MaterialInstances_MR/MI_Translucent_ClearCoat_TS.uexp" 634
"../../../Engine/Plugins/Interchange/Runtime/Content/gltf/MaterialInstances_MR/MI_Translucent_ClearCoat.uasset" 635
"../../../Engine/Plugins/Interchange/Runtime/Content/gltf/MaterialInstances_MR/MI_Translucent_ClearCoat.uexp" 636
"../../../Engine/Plugins/Interchange/Runtime/Content/gltf/MaterialInstances_MR/MI_Translucent.uasset" 637
"../../../Engine/Plugins/Interchange/Runtime/Content/gltf/MaterialInstances_MR/MI_Translucent.uexp" 638
"../../../Engine/Plugins/Interchange/Runtime/Content/gltf/M_Unlit.uasset" 639
"../../../Engine/Plugins/Interchange/Runtime/Content/gltf/M_Unlit.uexp" 640
"../../../Engine/Plugins/Interchange/Runtime/Content/gltf/MaterialInstances_MR/MI_Opaque_Unlit_TS.uasset" 641
"../../../Engine/Plugins/Interchange/Runtime/Content/gltf/MaterialInstances_MR/MI_Opaque_Unlit_TS.uexp" 642
"../../../Engine/Plugins/Interchange/Runtime/Content/gltf/MaterialInstances_MR/MI_Opaque_Unlit.uasset" 643
"../../../Engine/Plugins/Interchange/Runtime/Content/gltf/MaterialInstances_MR/MI_Opaque_Unlit.uexp" 644
"../../../Engine/Plugins/Interchange/Runtime/Content/gltf/M_Opaque.uasset" 645
"../../../Engine/Plugins/Interchange/Runtime/Content/gltf/M_Opaque.uexp" 646
"../../../Engine/Plugins/Interchange/Runtime/Content/gltf/MaterialInstances_MR/MI_Opaque_TS.uasset" 647
"../../../Engine/Plugins/Interchange/Runtime/Content/gltf/MaterialInstances_MR/MI_Opaque_TS.uexp" 648
"../../../Engine/Plugins/Interchange/Runtime/Content/gltf/MaterialFunctions/MF_Sheen.uasset" 649
"../../../Engine/Plugins/Interchange/Runtime/Content/gltf/MaterialFunctions/MF_Sheen.uexp" 650
"../../../Engine/Content/Functions/Engine_MaterialFunctions01/Shading/FuzzyShading.uasset" 651
"../../../Engine/Content/Functions/Engine_MaterialFunctions01/Shading/FuzzyShading.uexp" 652
"../../../Engine/Plugins/Interchange/Runtime/Content/gltf/M_Sheen.uasset" 653
"../../../Engine/Plugins/Interchange/Runtime/Content/gltf/M_Sheen.uexp" 654
"../../../Engine/Plugins/Interchange/Runtime/Content/gltf/MaterialInstances_MR/MI_Opaque_Sheen_TS.uasset" 655
"../../../Engine/Plugins/Interchange/Runtime/Content/gltf/MaterialInstances_MR/MI_Opaque_Sheen_TS.uexp" 656
"../../../Engine/Plugins/Interchange/Runtime/Content/gltf/MaterialInstances_MR/MI_Opaque_Sheen.uasset" 657
"../../../Engine/Plugins/Interchange/Runtime/Content/gltf/MaterialInstances_MR/MI_Opaque_Sheen.uexp" 658
"../../../Engine/Plugins/Interchange/Runtime/Content/gltf/MaterialInstances_MR/MI_Opaque_ClearCoat_TS.uasset" 659
"../../../Engine/Plugins/Interchange/Runtime/Content/gltf/MaterialInstances_MR/MI_Opaque_ClearCoat_TS.uexp" 660
"../../../Engine/Plugins/Interchange/Runtime/Content/gltf/MaterialInstances_MR/MI_Opaque_ClearCoat.uasset" 661
"../../../Engine/Plugins/Interchange/Runtime/Content/gltf/MaterialInstances_MR/MI_Opaque_ClearCoat.uexp" 662
"../../../Engine/Plugins/Interchange/Runtime/Content/gltf/MaterialInstances_MR/MI_Opaque.uasset" 663
"../../../Engine/Plugins/Interchange/Runtime/Content/gltf/MaterialInstances_MR/MI_Opaque.uexp" 664
"../../../Engine/Plugins/Interchange/Runtime/Content/gltf/MaterialInstances_SG/MI_Transmission_TS.uasset" 665
"../../../Engine/Plugins/Interchange/Runtime/Content/gltf/MaterialInstances_SG/MI_Transmission_TS.uexp" 666
"../../../Engine/Plugins/Interchange/Runtime/Content/gltf/MaterialInstances_SG/MI_Transmission.uasset" 667
"../../../Engine/Plugins/Interchange/Runtime/Content/gltf/MaterialInstances_SG/MI_Transmission.uexp" 668
"../../../Engine/Plugins/Interchange/Runtime/Content/gltf/MaterialInstances_SG/MI_Translucent_TS.uasset" 669
"../../../Engine/Plugins/Interchange/Runtime/Content/gltf/MaterialInstances_SG/MI_Translucent_TS.uexp" 670
"../../../Engine/Plugins/Interchange/Runtime/Content/gltf/MaterialInstances_SG/MI_Translucent_ClearCoat_TS.uasset" 671
"../../../Engine/Plugins/Interchange/Runtime/Content/gltf/MaterialInstances_SG/MI_Translucent_ClearCoat_TS.uexp" 672
"../../../Engine/Plugins/Interchange/Runtime/Content/gltf/MaterialInstances_SG/MI_Translucent_ClearCoat.uasset" 673
"../../../Engine/Plugins/Interchange/Runtime/Content/gltf/MaterialInstances_SG/MI_Translucent_ClearCoat.uexp" 674
"../../../Engine/Plugins/Interchange/Runtime/Content/gltf/MaterialInstances_SG/MI_Translucent.uasset" 675
"../../../Engine/Plugins/Interchange/Runtime/Content/gltf/MaterialInstances_SG/MI_Translucent.uexp" 676
"../../../Engine/Plugins/Interchange/Runtime/Content/gltf/MaterialInstances_SG/MI_Opaque_TS.uasset" 677
"../../../Engine/Plugins/Interchange/Runtime/Content/gltf/MaterialInstances_SG/MI_Opaque_TS.uexp" 678
"../../../Engine/Plugins/Interchange/Runtime/Content/gltf/MaterialInstances_SG/MI_Opaque_Sheen_TS.uasset" 679
"../../../Engine/Plugins/Interchange/Runtime/Content/gltf/MaterialInstances_SG/MI_Opaque_Sheen_TS.uexp" 680
"../../../Engine/Plugins/Interchange/Runtime/Content/gltf/MaterialInstances_SG/MI_Opaque_Sheen.uasset" 681
"../../../Engine/Plugins/Interchange/Runtime/Content/gltf/MaterialInstances_SG/MI_Opaque_Sheen.uexp" 682
"../../../Engine/Plugins/Interchange/Runtime/Content/gltf/MaterialInstances_SG/MI_Opaque_ClearCoat_TS.uasset" 683
"../../../Engine/Plugins/Interchange/Runtime/Content/gltf/MaterialInstances_SG/MI_Opaque_ClearCoat_TS.uexp" 684
"../../../Engine/Plugins/Interchange/Runtime/Content/gltf/MaterialInstances_SG/MI_Opaque_ClearCoat.uasset" 685
"../../../Engine/Plugins/Interchange/Runtime/Content/gltf/MaterialInstances_SG/MI_Opaque_ClearCoat.uexp" 686
"../../../Engine/Plugins/Interchange/Runtime/Content/gltf/MaterialInstances_SG/MI_Opaque.uasset" 687
"../../../Engine/Plugins/Interchange/Runtime/Content/gltf/MaterialInstances_SG/MI_Opaque.uexp" 688
"../../../Engine/Plugins/Interchange/Runtime/Content/gltf/Textures/T_Gray_Linear.uasset" 689
"../../../Engine/Plugins/Interchange/Runtime/Content/gltf/Textures/T_Gray_Linear.uexp" 690
"../../../Engine/Plugins/Interchange/Runtime/Content/gltf/Textures/T_Black_srgb.uasset" 691
"../../../Engine/Plugins/Interchange/Runtime/Content/gltf/Textures/T_Black_srgb.uexp" 692
"../../../Engine/Plugins/Interchange/Runtime/Content/Materials/UnlitMaterial.uasset" 693
"../../../Engine/Plugins/Interchange/Runtime/Content/Materials/UnlitMaterial.uexp" 694
"../../../Engine/Content/EngineMaterials/DefaultNormal.ubulk" 695
"../../../Engine/Content/EngineMaterials/DefaultNormal.uasset" 696
"../../../Engine/Content/EngineMaterials/DefaultNormal.uexp" 697
"../../../Engine/Plugins/Interchange/Runtime/Content/Materials/MapOrScalarFunction.uasset" 698
"../../../Engine/Plugins/Interchange/Runtime/Content/Materials/MapOrScalarFunction.uexp" 699
"../../../Engine/Plugins/Interchange/Runtime/Content/Materials/MapOrLinearColorFunction.uasset" 700
"../../../Engine/Plugins/Interchange/Runtime/Content/Materials/MapOrLinearColorFunction.uexp" 701
"../../../Engine/Plugins/Interchange/Runtime/Content/Materials/MapOrColorFunction.uasset" 702
"../../../Engine/Plugins/Interchange/Runtime/Content/Materials/MapOrColorFunction.uexp" 703
"../../../Engine/Plugins/Interchange/Runtime/Content/Materials/CommonMaterial.uasset" 704
"../../../Engine/Plugins/Interchange/Runtime/Content/Materials/CommonMaterial.uexp" 705
"../../../Engine/Plugins/Interchange/Runtime/Content/Materials/PBRSurfaceFunction.uasset" 706
"../../../Engine/Plugins/Interchange/Runtime/Content/Materials/PBRSurfaceFunction.uexp" 707
"../../../Engine/Plugins/Interchange/Runtime/Content/Materials/ThinTranslucentMaterial.uasset" 708
"../../../Engine/Plugins/Interchange/Runtime/Content/Materials/ThinTranslucentMaterial.uexp" 709
"../../../Engine/Plugins/Interchange/Runtime/Content/Materials/SubsurfaceMaterial.uasset" 710
"../../../Engine/Plugins/Interchange/Runtime/Content/Materials/SubsurfaceMaterial.uexp" 711
"../../../Engine/Plugins/Interchange/Runtime/Content/Materials/SheenMaterial.uasset" 712
"../../../Engine/Plugins/Interchange/Runtime/Content/Materials/SheenMaterial.uexp" 713
"../../../Engine/Content/Functions/Engine_MaterialFunctions01/Shading/ConvertFromDiffSpec.uasset" 714
"../../../Engine/Content/Functions/Engine_MaterialFunctions01/Shading/ConvertFromDiffSpec.uexp" 715
"../../../Engine/Plugins/Interchange/Runtime/Content/Materials/PhongSurfaceMaterial.uasset" 716
"../../../Engine/Plugins/Interchange/Runtime/Content/Materials/PhongSurfaceMaterial.uexp" 717
"../../../Engine/Plugins/Interchange/Runtime/Content/Materials/PBRSurfaceMaterial.uasset" 718
"../../../Engine/Plugins/Interchange/Runtime/Content/Materials/PBRSurfaceMaterial.uexp" 719
"../../../Engine/Content/EngineMaterials/FlatNormal.uasset" 720
"../../../Engine/Content/EngineMaterials/FlatNormal.uexp" 721
"../../../Engine/Content/EditorLandscapeResources/WhiteSquareTexture.uasset" 722
"../../../Engine/Content/EditorLandscapeResources/WhiteSquareTexture.uexp" 723
"../../../Engine/Plugins/Interchange/Runtime/Content/Materials/OrenNayerMaterial.uasset" 724
"../../../Engine/Plugins/Interchange/Runtime/Content/Materials/OrenNayerMaterial.uexp" 725
"../../../Engine/Plugins/Interchange/Runtime/Content/Materials/LambertSurfaceMaterial.uasset" 726
"../../../Engine/Plugins/Interchange/Runtime/Content/Materials/LambertSurfaceMaterial.uexp" 727
"../../../Engine/Plugins/Interchange/Runtime/Content/Materials/ClearCoatMaterial.uasset" 728
"../../../Engine/Plugins/Interchange/Runtime/Content/Materials/ClearCoatMaterial.uexp" 729
"../../../Engine/Plugins/Interchange/Runtime/Content/Pipelines/DefaultTexturePipeline.uasset" 730
"../../../Engine/Plugins/Interchange/Runtime/Content/Pipelines/DefaultTexturePipeline.uexp" 731
"../../../Engine/Plugins/Interchange/Runtime/Content/Pipelines/DefaultSceneLevelPipeline.uasset" 732
"../../../Engine/Plugins/Interchange/Runtime/Content/Pipelines/DefaultSceneLevelPipeline.uexp" 733
"../../../Engine/Plugins/Interchange/Runtime/Content/Pipelines/DefaultSceneAssetsPipeline.uasset" 734
"../../../Engine/Plugins/Interchange/Runtime/Content/Pipelines/DefaultSceneAssetsPipeline.uexp" 735
"../../../Engine/Plugins/Interchange/Runtime/Content/Pipelines/DefaultMaterialPipeline.uasset" 736
"../../../Engine/Plugins/Interchange/Runtime/Content/Pipelines/DefaultMaterialPipeline.uexp" 737
"../../../Engine/Plugins/Interchange/Runtime/Content/Pipelines/DefaultAssetsPipeline.uasset" 738
"../../../Engine/Plugins/Interchange/Runtime/Content/Pipelines/DefaultAssetsPipeline.uexp" 739
"../../../Engine/Plugins/Runtime/MeshModelingToolset/Content/Materials/M_DynamicMeshComponentVtxColor.uasset" 740
"../../../Engine/Plugins/Runtime/MeshModelingToolset/Content/Materials/M_DynamicMeshComponentVtxColor.uexp" 741
"M:/Unreal Projects/Hookshot2DActionSELF/Content/Blueprints/BP_Gamemode_Movie.uasset" 742
"M:/Unreal Projects/Hookshot2DActionSELF/Content/Blueprints/BP_Gamemode_Movie.uexp" 743
"../../../Engine/Content/Maps/Entry_BuiltData.uasset" 744
"../../../Engine/Content/Maps/Entry_BuiltData.uexp" 745
"../../../Engine/Content/Maps/Entry.uexp" 746
"../../../Engine/Content/Maps/Entry.umap" 747
"M:/Unreal Projects/Hookshot2DActionSELF/Content/2DAction/Input/Actions/IA_MoveRight.uasset" 748
"M:/Unreal Projects/Hookshot2DActionSELF/Content/2DAction/Input/Actions/IA_MoveRight.uexp" 749
"M:/Unreal Projects/Hookshot2DActionSELF/Content/2DAction/Assets/Sounds/SND_Miss.ubulk" 750
"M:/Unreal Projects/Hookshot2DActionSELF/Content/2DAction/Assets/Sounds/SND_Miss.uasset" 751
"M:/Unreal Projects/Hookshot2DActionSELF/Content/2DAction/Assets/Sounds/SND_Miss.uexp" 752
"M:/Unreal Projects/Hookshot2DActionSELF/Content/2DAction/Assets/Sounds/SNDC_Miss.uasset" 753
"M:/Unreal Projects/Hookshot2DActionSELF/Content/2DAction/Assets/Sounds/SNDC_Miss.uexp" 754
"M:/Unreal Projects/Hookshot2DActionSELF/Content/2DAction/Input/Actions/IA_Jump.uasset" 755
"M:/Unreal Projects/Hookshot2DActionSELF/Content/2DAction/Input/Actions/IA_Jump.uexp" 756
"M:/Unreal Projects/Hookshot2DActionSELF/Content/2DAction/Blueprints/BP_Save_Data.uasset" 757
"M:/Unreal Projects/Hookshot2DActionSELF/Content/2DAction/Blueprints/BP_Save_Data.uexp" 758
"../../../Engine/Plugins/2D/Paper2D/Content/TranslucentUnlitSpriteMaterial.uasset" 759
"../../../Engine/Plugins/2D/Paper2D/Content/TranslucentUnlitSpriteMaterial.uexp" 760
"M:/Unreal Projects/Hookshot2DActionSELF/Content/EX_Green_(extract_me)/runRight/run0.uasset" 761
"M:/Unreal Projects/Hookshot2DActionSELF/Content/EX_Green_(extract_me)/runRight/run0.uexp" 762
"M:/Unreal Projects/Hookshot2DActionSELF/Content/2DAction/Assets/Sprites/run0_Sprite.uasset" 763
"M:/Unreal Projects/Hookshot2DActionSELF/Content/2DAction/Assets/Sprites/run0_Sprite.uexp" 764
"M:/Unreal Projects/Hookshot2DActionSELF/Content/EX_Green_(extract_me)/runRight/run7.uasset" 765
"M:/Unreal Projects/Hookshot2DActionSELF/Content/EX_Green_(extract_me)/runRight/run7.uexp" 766
"M:/Unreal Projects/Hookshot2DActionSELF/Content/EX_Green_(extract_me)/runRight/run7_Sprite.uasset" 767
"M:/Unreal Projects/Hookshot2DActionSELF/Content/EX_Green_(extract_me)/runRight/run7_Sprite.uexp" 768
"M:/Unreal Projects/Hookshot2DActionSELF/Content/EX_Green_(extract_me)/runRight/run6.uasset" 769
"M:/Unreal Projects/Hookshot2DActionSELF/Content/EX_Green_(extract_me)/runRight/run6.uexp" 770
"M:/Unreal Projects/Hookshot2DActionSELF/Content/EX_Green_(extract_me)/runRight/run6_Sprite.uasset" 771
"M:/Unreal Projects/Hookshot2DActionSELF/Content/EX_Green_(extract_me)/runRight/run6_Sprite.uexp" 772
"M:/Unreal Projects/Hookshot2DActionSELF/Content/EX_Green_(extract_me)/runRight/run5.uasset" 773
"M:/Unreal Projects/Hookshot2DActionSELF/Content/EX_Green_(extract_me)/runRight/run5.uexp" 774
"M:/Unreal Projects/Hookshot2DActionSELF/Content/EX_Green_(extract_me)/runRight/run5_Sprite.uasset" 775
"M:/Unreal Projects/Hookshot2DActionSELF/Content/EX_Green_(extract_me)/runRight/run5_Sprite.uexp" 776
"M:/Unreal Projects/Hookshot2DActionSELF/Content/EX_Green_(extract_me)/runRight/run4.uasset" 777
"M:/Unreal Projects/Hookshot2DActionSELF/Content/EX_Green_(extract_me)/runRight/run4.uexp" 778
"M:/Unreal Projects/Hookshot2DActionSELF/Content/EX_Green_(extract_me)/runRight/run4_Sprite.uasset" 779
"M:/Unreal Projects/Hookshot2DActionSELF/Content/EX_Green_(extract_me)/runRight/run4_Sprite.uexp" 780
"M:/Unreal Projects/Hookshot2DActionSELF/Content/EX_Green_(extract_me)/runRight/run3.uasset" 781
"M:/Unreal Projects/Hookshot2DActionSELF/Content/EX_Green_(extract_me)/runRight/run3.uexp" 782
"M:/Unreal Projects/Hookshot2DActionSELF/Content/EX_Green_(extract_me)/runRight/run3_Sprite.uasset" 783
"M:/Unreal Projects/Hookshot2DActionSELF/Content/EX_Green_(extract_me)/runRight/run3_Sprite.uexp" 784
"M:/Unreal Projects/Hookshot2DActionSELF/Content/EX_Green_(extract_me)/runRight/run2.uasset" 785
"M:/Unreal Projects/Hookshot2DActionSELF/Content/EX_Green_(extract_me)/runRight/run2.uexp" 786
"M:/Unreal Projects/Hookshot2DActionSELF/Content/EX_Green_(extract_me)/runRight/run2_Sprite.uasset" 787
"M:/Unreal Projects/Hookshot2DActionSELF/Content/EX_Green_(extract_me)/runRight/run2_Sprite.uexp" 788
"M:/Unreal Projects/Hookshot2DActionSELF/Content/EX_Green_(extract_me)/runRight/run1.uasset" 789
"M:/Unreal Projects/Hookshot2DActionSELF/Content/EX_Green_(extract_me)/runRight/run1.uexp" 790
"M:/Unreal Projects/Hookshot2DActionSELF/Content/EX_Green_(extract_me)/runRight/run1_Sprite.uasset" 791
"M:/Unreal Projects/Hookshot2DActionSELF/Content/EX_Green_(extract_me)/runRight/run1_Sprite.uexp" 792
"M:/Unreal Projects/Hookshot2DActionSELF/Content/EX_Green_(extract_me)/runRight/run0_Sprite.uasset" 793
"M:/Unreal Projects/Hookshot2DActionSELF/Content/EX_Green_(extract_me)/runRight/run0_Sprite.uexp" 794
"M:/Unreal Projects/Hookshot2DActionSELF/Content/2DAction/Assets/Sprites/run0_slime.uasset" 795
"M:/Unreal Projects/Hookshot2DActionSELF/Content/2DAction/Assets/Sprites/run0_slime.uexp" 796
"M:/Unreal Projects/Hookshot2DActionSELF/Content/2DAction/Assets/Images/trash/circle_01-Sheet-Sheet.uasset" 797
"M:/Unreal Projects/Hookshot2DActionSELF/Content/2DAction/Assets/Images/trash/circle_01-Sheet-Sheet.uexp" 798
"M:/Unreal Projects/Hookshot2DActionSELF/Content/2DAction/Assets/Images/trash/circle_01-Sheet-Sheet_Sprite_0.uasset" 799
"M:/Unreal Projects/Hookshot2DActionSELF/Content/2DAction/Assets/Images/trash/circle_01-Sheet-Sheet_Sprite_0.uexp" 800
"M:/Unreal Projects/Hookshot2DActionSELF/Content/2DAction/Assets/Images/trash/circle_01-Sheet-Sheet_Sprite_1.uasset" 801
"M:/Unreal Projects/Hookshot2DActionSELF/Content/2DAction/Assets/Images/trash/circle_01-Sheet-Sheet_Sprite_1.uexp" 802
"M:/Unreal Projects/Hookshot2DActionSELF/Content/2DAction/Assets/Images/trash/circle_01-Sheet-Sheet_Sprite_2.uasset" 803
"M:/Unreal Projects/Hookshot2DActionSELF/Content/2DAction/Assets/Images/trash/circle_01-Sheet-Sheet_Sprite_2.uexp" 804
"M:/Unreal Projects/Hookshot2DActionSELF/Content/2DAction/Assets/Images/trash/circle_01-Sheet-Sheet_Sprite_3.uasset" 805
"M:/Unreal Projects/Hookshot2DActionSELF/Content/2DAction/Assets/Images/trash/circle_01-Sheet-Sheet_Sprite_3.uexp" 806
"M:/Unreal Projects/Hookshot2DActionSELF/Content/2DAction/Assets/Images/trash/circle_01-Sheet-Sheet_Sprite_4.uasset" 807
"M:/Unreal Projects/Hookshot2DActionSELF/Content/2DAction/Assets/Images/trash/circle_01-Sheet-Sheet_Sprite_4.uexp" 808
"M:/Unreal Projects/Hookshot2DActionSELF/Content/2DAction/Assets/Images/trash/FB_circle_01.uasset" 809
"M:/Unreal Projects/Hookshot2DActionSELF/Content/2DAction/Assets/Images/trash/FB_circle_01.uexp" 810
"M:/Unreal Projects/Hookshot2DActionSELF/Content/2DAction/Blueprints/BP_SYNCHROBION.uasset" 811
"M:/Unreal Projects/Hookshot2DActionSELF/Content/2DAction/Blueprints/BP_SYNCHROBION.uexp" 812
"M:/Unreal Projects/Hookshot2DActionSELF/Content/2DAction/Assets/Sounds/SND_Success.ubulk" 813
"M:/Unreal Projects/Hookshot2DActionSELF/Content/2DAction/Assets/Sounds/SND_Success.uasset" 814
"M:/Unreal Projects/Hookshot2DActionSELF/Content/2DAction/Assets/Sounds/SND_Success.uexp" 815
"M:/Unreal Projects/Hookshot2DActionSELF/Content/2DAction/Assets/Sounds/SNDC_Success.uasset" 816
"M:/Unreal Projects/Hookshot2DActionSELF/Content/2DAction/Assets/Sounds/SNDC_Success.uexp" 817
"M:/Unreal Projects/Hookshot2DActionSELF/Content/2DAction/Input/Actions/IA_Shoot_Hook.uasset" 818
"M:/Unreal Projects/Hookshot2DActionSELF/Content/2DAction/Input/Actions/IA_Shoot_Hook.uexp" 819
"../../../Engine/Content/EditorBlueprintResources/StandardMacros.uasset" 820
"../../../Engine/Content/EditorBlueprintResources/StandardMacros.uexp" 821
"M:/Unreal Projects/Hookshot2DActionSELF/Content/2DAction/Input/IMC_2DAction.uasset" 822
"M:/Unreal Projects/Hookshot2DActionSELF/Content/2DAction/Input/IMC_2DAction.uexp" 823
"M:/Unreal Projects/Hookshot2DActionSELF/Content/2DAction/Blueprints/Animation/AS_Player.uasset" 824
"M:/Unreal Projects/Hookshot2DActionSELF/Content/2DAction/Blueprints/Animation/AS_Player.uexp" 825
"M:/Unreal Projects/Hookshot2DActionSELF/Content/2DAction/Assets/Textures/adventurer-smrslt-03.uasset" 826
"M:/Unreal Projects/Hookshot2DActionSELF/Content/2DAction/Assets/Textures/adventurer-smrslt-03.uexp" 827
"M:/Unreal Projects/Hookshot2DActionSELF/Content/2DAction/Assets/Sprites/adventurer-smrslt-03_Sprite.uasset" 828
"M:/Unreal Projects/Hookshot2DActionSELF/Content/2DAction/Assets/Sprites/adventurer-smrslt-03_Sprite.uexp" 829
"M:/Unreal Projects/Hookshot2DActionSELF/Content/2DAction/Assets/Textures/adventurer-smrslt-02.uasset" 830
"M:/Unreal Projects/Hookshot2DActionSELF/Content/2DAction/Assets/Textures/adventurer-smrslt-02.uexp" 831
"M:/Unreal Projects/Hookshot2DActionSELF/Content/2DAction/Assets/Sprites/adventurer-smrslt-02_Sprite.uasset" 832
"M:/Unreal Projects/Hookshot2DActionSELF/Content/2DAction/Assets/Sprites/adventurer-smrslt-02_Sprite.uexp" 833
"M:/Unreal Projects/Hookshot2DActionSELF/Content/2DAction/Assets/Textures/adventurer-smrslt-01.uasset" 834
"M:/Unreal Projects/Hookshot2DActionSELF/Content/2DAction/Assets/Textures/adventurer-smrslt-01.uexp" 835
"M:/Unreal Projects/Hookshot2DActionSELF/Content/2DAction/Assets/Sprites/adventurer-smrslt-01_Sprite.uasset" 836
"M:/Unreal Projects/Hookshot2DActionSELF/Content/2DAction/Assets/Sprites/adventurer-smrslt-01_Sprite.uexp" 837
"M:/Unreal Projects/Hookshot2DActionSELF/Content/2DAction/Assets/Textures/adventurer-smrslt-00.uasset" 838
"M:/Unreal Projects/Hookshot2DActionSELF/Content/2DAction/Assets/Textures/adventurer-smrslt-00.uexp" 839
"M:/Unreal Projects/Hookshot2DActionSELF/Content/2DAction/Assets/Sprites/adventurer-smrslt-00_Sprite.uasset" 840
"M:/Unreal Projects/Hookshot2DActionSELF/Content/2DAction/Assets/Sprites/adventurer-smrslt-00_Sprite.uexp" 841
"M:/Unreal Projects/Hookshot2DActionSELF/Content/2DAction/Assets/Sprites/FB_Player_04_Fly.uasset" 842
"M:/Unreal Projects/Hookshot2DActionSELF/Content/2DAction/Assets/Sprites/FB_Player_04_Fly.uexp" 843
"M:/Unreal Projects/Hookshot2DActionSELF/Content/2DAction/Blueprints/Animation/AnimSequences/04_Fly.uasset" 844
"M:/Unreal Projects/Hookshot2DActionSELF/Content/2DAction/Blueprints/Animation/AnimSequences/04_Fly.uexp" 845
"M:/Unreal Projects/Hookshot2DActionSELF/Content/2DAction/Assets/Textures/adventurer-fall-01.uasset" 846
"M:/Unreal Projects/Hookshot2DActionSELF/Content/2DAction/Assets/Textures/adventurer-fall-01.uexp" 847
"M:/Unreal Projects/Hookshot2DActionSELF/Content/2DAction/Assets/Sprites/adventurer-fall-01_Sprite.uasset" 848
"M:/Unreal Projects/Hookshot2DActionSELF/Content/2DAction/Assets/Sprites/adventurer-fall-01_Sprite.uexp" 849
"M:/Unreal Projects/Hookshot2DActionSELF/Content/2DAction/Assets/Textures/adventurer-fall-00.uasset" 850
"M:/Unreal Projects/Hookshot2DActionSELF/Content/2DAction/Assets/Textures/adventurer-fall-00.uexp" 851
"M:/Unreal Projects/Hookshot2DActionSELF/Content/2DAction/Assets/Sprites/adventurer-fall-00_Sprite.uasset" 852
"M:/Unreal Projects/Hookshot2DActionSELF/Content/2DAction/Assets/Sprites/adventurer-fall-00_Sprite.uexp" 853
"M:/Unreal Projects/Hookshot2DActionSELF/Content/2DAction/Assets/Sprites/FB_Player_03_Fall.uasset" 854
"M:/Unreal Projects/Hookshot2DActionSELF/Content/2DAction/Assets/Sprites/FB_Player_03_Fall.uexp" 855
"M:/Unreal Projects/Hookshot2DActionSELF/Content/2DAction/Blueprints/Animation/AnimSequences/03_Fall.uasset" 856
"M:/Unreal Projects/Hookshot2DActionSELF/Content/2DAction/Blueprints/Animation/AnimSequences/03_Fall.uexp" 857
"M:/Unreal Projects/Hookshot2DActionSELF/Content/2DAction/Assets/Textures/adventurer-run-05.uasset" 858
"M:/Unreal Projects/Hookshot2DActionSELF/Content/2DAction/Assets/Textures/adventurer-run-05.uexp" 859
"M:/Unreal Projects/Hookshot2DActionSELF/Content/2DAction/Assets/Sprites/adventurer-run-05_Sprite.uasset" 860
"M:/Unreal Projects/Hookshot2DActionSELF/Content/2DAction/Assets/Sprites/adventurer-run-05_Sprite.uexp" 861
"M:/Unreal Projects/Hookshot2DActionSELF/Content/2DAction/Assets/Textures/adventurer-run-04.uasset" 862
"M:/Unreal Projects/Hookshot2DActionSELF/Content/2DAction/Assets/Textures/adventurer-run-04.uexp" 863
"M:/Unreal Projects/Hookshot2DActionSELF/Content/2DAction/Assets/Sprites/adventurer-run-04_Sprite.uasset" 864
"M:/Unreal Projects/Hookshot2DActionSELF/Content/2DAction/Assets/Sprites/adventurer-run-04_Sprite.uexp" 865
"M:/Unreal Projects/Hookshot2DActionSELF/Content/2DAction/Assets/Textures/adventurer-run-03.uasset" 866
"M:/Unreal Projects/Hookshot2DActionSELF/Content/2DAction/Assets/Textures/adventurer-run-03.uexp" 867
"M:/Unreal Projects/Hookshot2DActionSELF/Content/2DAction/Assets/Sprites/adventurer-run-03_Sprite.uasset" 868
"M:/Unreal Projects/Hookshot2DActionSELF/Content/2DAction/Assets/Sprites/adventurer-run-03_Sprite.uexp" 869
"M:/Unreal Projects/Hookshot2DActionSELF/Content/2DAction/Assets/Textures/adventurer-run-02.uasset" 870
"M:/Unreal Projects/Hookshot2DActionSELF/Content/2DAction/Assets/Textures/adventurer-run-02.uexp" 871
"M:/Unreal Projects/Hookshot2DActionSELF/Content/2DAction/Assets/Sprites/adventurer-run-02_Sprite.uasset" 872
"M:/Unreal Projects/Hookshot2DActionSELF/Content/2DAction/Assets/Sprites/adventurer-run-02_Sprite.uexp" 873
"M:/Unreal Projects/Hookshot2DActionSELF/Content/2DAction/Assets/Textures/adventurer-run-01.uasset" 874
"M:/Unreal Projects/Hookshot2DActionSELF/Content/2DAction/Assets/Textures/adventurer-run-01.uexp" 875
"M:/Unreal Projects/Hookshot2DActionSELF/Content/2DAction/Assets/Sprites/adventurer-run-01_Sprite.uasset" 876
"M:/Unreal Projects/Hookshot2DActionSELF/Content/2DAction/Assets/Sprites/adventurer-run-01_Sprite.uexp" 877
"M:/Unreal Projects/Hookshot2DActionSELF/Content/2DAction/Assets/Textures/adventurer-run-00.uasset" 878
"M:/Unreal Projects/Hookshot2DActionSELF/Content/2DAction/Assets/Textures/adventurer-run-00.uexp" 879
"M:/Unreal Projects/Hookshot2DActionSELF/Content/2DAction/Assets/Sprites/adventurer-run-00_Sprite.uasset" 880
"M:/Unreal Projects/Hookshot2DActionSELF/Content/2DAction/Assets/Sprites/adventurer-run-00_Sprite.uexp" 881
"M:/Unreal Projects/Hookshot2DActionSELF/Content/2DAction/Assets/Sprites/FB_Player_02_Run.uasset" 882
"M:/Unreal Projects/Hookshot2DActionSELF/Content/2DAction/Assets/Sprites/FB_Player_02_Run.uexp" 883
"M:/Unreal Projects/Hookshot2DActionSELF/Content/2DAction/Blueprints/Animation/AnimSequences/02_Run.uasset" 884
"M:/Unreal Projects/Hookshot2DActionSELF/Content/2DAction/Blueprints/Animation/AnimSequences/02_Run.uexp" 885
"M:/Unreal Projects/Hookshot2DActionSELF/Content/2DAction/Assets/Textures/adventurer-idle-03.uasset" 886
"M:/Unreal Projects/Hookshot2DActionSELF/Content/2DAction/Assets/Textures/adventurer-idle-03.uexp" 887
"M:/Unreal Projects/Hookshot2DActionSELF/Content/2DAction/Assets/Sprites/adventurer-idle-03_Sprite.uasset" 888
"M:/Unreal Projects/Hookshot2DActionSELF/Content/2DAction/Assets/Sprites/adventurer-idle-03_Sprite.uexp" 889
"M:/Unreal Projects/Hookshot2DActionSELF/Content/2DAction/Assets/Textures/adventurer-idle-02.uasset" 890
"M:/Unreal Projects/Hookshot2DActionSELF/Content/2DAction/Assets/Textures/adventurer-idle-02.uexp" 891
"M:/Unreal Projects/Hookshot2DActionSELF/Content/2DAction/Assets/Sprites/adventurer-idle-02_Sprite.uasset" 892
"M:/Unreal Projects/Hookshot2DActionSELF/Content/2DAction/Assets/Sprites/adventurer-idle-02_Sprite.uexp" 893
"M:/Unreal Projects/Hookshot2DActionSELF/Content/2DAction/Assets/Textures/adventurer-idle-01.uasset" 894
"M:/Unreal Projects/Hookshot2DActionSELF/Content/2DAction/Assets/Textures/adventurer-idle-01.uexp" 895
"M:/Unreal Projects/Hookshot2DActionSELF/Content/2DAction/Assets/Sprites/adventurer-idle-01_Sprite.uasset" 896
"M:/Unreal Projects/Hookshot2DActionSELF/Content/2DAction/Assets/Sprites/adventurer-idle-01_Sprite.uexp" 897
"M:/Unreal Projects/Hookshot2DActionSELF/Content/2DAction/Assets/Textures/adventurer-idle-00.uasset" 898
"M:/Unreal Projects/Hookshot2DActionSELF/Content/2DAction/Assets/Textures/adventurer-idle-00.uexp" 899
"M:/Unreal Projects/Hookshot2DActionSELF/Content/2DAction/Assets/Sprites/adventurer-idle-00_Sprite.uasset" 900
"M:/Unreal Projects/Hookshot2DActionSELF/Content/2DAction/Assets/Sprites/adventurer-idle-00_Sprite.uexp" 901
"M:/Unreal Projects/Hookshot2DActionSELF/Content/2DAction/Assets/Sprites/FB_Player_00_Idle.uasset" 902
"M:/Unreal Projects/Hookshot2DActionSELF/Content/2DAction/Assets/Sprites/FB_Player_00_Idle.uexp" 903
"M:/Unreal Projects/Hookshot2DActionSELF/Content/2DAction/Blueprints/Animation/AnimSequences/00_Idle.uasset" 904
"M:/Unreal Projects/Hookshot2DActionSELF/Content/2DAction/Blueprints/Animation/AnimSequences/00_Idle.uexp" 905
"M:/Unreal Projects/Hookshot2DActionSELF/Content/2DAction/Blueprints/Animation/ABP_Player.uasset" 906
"M:/Unreal Projects/Hookshot2DActionSELF/Content/2DAction/Blueprints/Animation/ABP_Player.uexp" 907
"M:/Unreal Projects/Hookshot2DActionSELF/Content/2DAction/Assets/Images/trash/SYBIO_Ring.uasset" 908
"M:/Unreal Projects/Hookshot2DActionSELF/Content/2DAction/Assets/Images/trash/SYBIO_Ring.uexp" 909
"M:/Unreal Projects/Hookshot2DActionSELF/Content/2DAction/Assets/Images/trash/SYBIO_Ring_Sprite.uasset" 910
"M:/Unreal Projects/Hookshot2DActionSELF/Content/2DAction/Assets/Images/trash/SYBIO_Ring_Sprite.uexp" 911
"M:/Unreal Projects/Hookshot2DActionSELF/Content/2DAction/Blueprints/BP_Player_2D_PaperZD.uasset" 912
"M:/Unreal Projects/Hookshot2DActionSELF/Content/2DAction/Blueprints/BP_Player_2D_PaperZD.uexp" 913
"M:/Unreal Projects/Hookshot2DActionSELF/Content/2DAction/Assets/Images/Hookshot_Image.uasset" 914
"M:/Unreal Projects/Hookshot2DActionSELF/Content/2DAction/Assets/Images/Hookshot_Image.uexp" 915
"M:/Unreal Projects/Hookshot2DActionSELF/Content/2DAction/Blueprints/WBP_UI.uasset" 916
"M:/Unreal Projects/Hookshot2DActionSELF/Content/2DAction/Blueprints/WBP_UI.uexp" 917
"M:/Unreal Projects/Hookshot2DActionSELF/Content/2DAction/Blueprints/BP_Controller.uasset" 918
"M:/Unreal Projects/Hookshot2DActionSELF/Content/2DAction/Blueprints/BP_Controller.uexp" 919
"M:/Unreal Projects/Hookshot2DActionSELF/Content/2DAction/Blueprints/BP_Gamemode_2D.uasset" 920
"M:/Unreal Projects/Hookshot2DActionSELF/Content/2DAction/Blueprints/BP_Gamemode_2D.uexp" 921
"M:/Unreal Projects/Hookshot2DActionSELF/Content/2DAction/Sequencers/SEQ_Fadeout.uasset" 922
"M:/Unreal Projects/Hookshot2DActionSELF/Content/2DAction/Sequencers/SEQ_Fadeout.uexp" 923
"M:/Unreal Projects/Hookshot2DActionSELF/Content/2DAction/Assets/ExampleAsset/lab_texture/LAB/wall/tile131.uasset" 924
"M:/Unreal Projects/Hookshot2DActionSELF/Content/2DAction/Assets/ExampleAsset/lab_texture/LAB/wall/tile131.uexp" 925
"M:/Unreal Projects/Hookshot2DActionSELF/Content/2DAction/Assets/ExampleAsset/lab_texture/LAB/wall/tile131_Sprite.uasset" 926
"M:/Unreal Projects/Hookshot2DActionSELF/Content/2DAction/Assets/ExampleAsset/lab_texture/LAB/wall/tile131_Sprite.uexp" 927
"M:/Unreal Projects/Hookshot2DActionSELF/Content/2DAction/Assets/ExampleAsset/lab_texture/LAB/wall/tile123.uasset" 928
"M:/Unreal Projects/Hookshot2DActionSELF/Content/2DAction/Assets/ExampleAsset/lab_texture/LAB/wall/tile123.uexp" 929
"M:/Unreal Projects/Hookshot2DActionSELF/Content/2DAction/Assets/ExampleAsset/lab_texture/LAB/wall/tile123_Sprite.uasset" 930
"M:/Unreal Projects/Hookshot2DActionSELF/Content/2DAction/Assets/ExampleAsset/lab_texture/LAB/wall/tile123_Sprite.uexp" 931
"M:/Unreal Projects/Hookshot2DActionSELF/Content/2DAction/Assets/Images/Space_Key.uasset" 932
"M:/Unreal Projects/Hookshot2DActionSELF/Content/2DAction/Assets/Images/Space_Key.uexp" 933
"M:/Unreal Projects/Hookshot2DActionSELF/Content/2DAction/Assets/Images/Space_Key_Sprite.uasset" 934
"M:/Unreal Projects/Hookshot2DActionSELF/Content/2DAction/Assets/Images/Space_Key_Sprite.uexp" 935
"M:/Unreal Projects/Hookshot2DActionSELF/Content/2DAction/Assets/Images/Click_Right.ubulk" 936
"M:/Unreal Projects/Hookshot2DActionSELF/Content/2DAction/Assets/Images/Click_Right.uasset" 937
"M:/Unreal Projects/Hookshot2DActionSELF/Content/2DAction/Assets/Images/Click_Right.uexp" 938
"M:/Unreal Projects/Hookshot2DActionSELF/Content/2DAction/Assets/Images/Click_Right_Sprite.uasset" 939
"M:/Unreal Projects/Hookshot2DActionSELF/Content/2DAction/Assets/Images/Click_Right_Sprite.uexp" 940
"M:/Unreal Projects/Hookshot2DActionSELF/Content/2DAction/Assets/Images/Action_Time.ubulk" 941
"M:/Unreal Projects/Hookshot2DActionSELF/Content/2DAction/Assets/Images/Action_Time.uasset" 942
"M:/Unreal Projects/Hookshot2DActionSELF/Content/2DAction/Assets/Images/Action_Time.uexp" 943
"M:/Unreal Projects/Hookshot2DActionSELF/Content/2DAction/Assets/Images/Action_Time_Sprite.uasset" 944
"M:/Unreal Projects/Hookshot2DActionSELF/Content/2DAction/Assets/Images/Action_Time_Sprite.uexp" 945
"M:/Unreal Projects/Hookshot2DActionSELF/Content/2DAction/Assets/ExampleAsset/lab_texture/LAB/wall/tile111.uasset" 946
"M:/Unreal Projects/Hookshot2DActionSELF/Content/2DAction/Assets/ExampleAsset/lab_texture/LAB/wall/tile111.uexp" 947
"M:/Unreal Projects/Hookshot2DActionSELF/Content/2DAction/Assets/ExampleAsset/lab_texture/LAB/wall/tile111_Sprite.uasset" 948
"M:/Unreal Projects/Hookshot2DActionSELF/Content/2DAction/Assets/ExampleAsset/lab_texture/LAB/wall/tile111_Sprite.uexp" 949
"M:/Unreal Projects/Hookshot2DActionSELF/Content/2DAction/Assets/ExampleAsset/lab_texture/LAB/wall/tile108.uasset" 950
"M:/Unreal Projects/Hookshot2DActionSELF/Content/2DAction/Assets/ExampleAsset/lab_texture/LAB/wall/tile108.uexp" 951
"M:/Unreal Projects/Hookshot2DActionSELF/Content/2DAction/Assets/ExampleAsset/lab_texture/LAB/wall/tile108_Sprite.uasset" 952
"M:/Unreal Projects/Hookshot2DActionSELF/Content/2DAction/Assets/ExampleAsset/lab_texture/LAB/wall/tile108_Sprite.uexp" 953
"M:/Unreal Projects/Hookshot2DActionSELF/Content/2DAction/Assets/ExampleAsset/lab_texture/LAB/wall/tile101.uasset" 954
"M:/Unreal Projects/Hookshot2DActionSELF/Content/2DAction/Assets/ExampleAsset/lab_texture/LAB/wall/tile101.uexp" 955
"M:/Unreal Projects/Hookshot2DActionSELF/Content/2DAction/Assets/ExampleAsset/lab_texture/LAB/wall/tile101_Sprite.uasset" 956
"M:/Unreal Projects/Hookshot2DActionSELF/Content/2DAction/Assets/ExampleAsset/lab_texture/LAB/wall/tile101_Sprite.uexp" 957
"M:/Unreal Projects/Hookshot2DActionSELF/Content/2DAction/Assets/ExampleAsset/lab_texture/LAB/wall/tile100.uasset" 958
"M:/Unreal Projects/Hookshot2DActionSELF/Content/2DAction/Assets/ExampleAsset/lab_texture/LAB/wall/tile100.uexp" 959
"M:/Unreal Projects/Hookshot2DActionSELF/Content/2DAction/Assets/ExampleAsset/lab_texture/LAB/wall/tile100_Sprite.uasset" 960
"M:/Unreal Projects/Hookshot2DActionSELF/Content/2DAction/Assets/ExampleAsset/lab_texture/LAB/wall/tile100_Sprite.uexp" 961
"M:/Unreal Projects/Hookshot2DActionSELF/Content/2DAction/Assets/Textures/T_Background.uasset" 962
"M:/Unreal Projects/Hookshot2DActionSELF/Content/2DAction/Assets/Textures/T_Background.uexp" 963
"M:/Unreal Projects/Hookshot2DActionSELF/Content/2DAction/Assets/Textures/T_Background_Sprite.uasset" 964
"M:/Unreal Projects/Hookshot2DActionSELF/Content/2DAction/Assets/Textures/T_Background_Sprite.uexp" 965
"M:/Unreal Projects/Hookshot2DActionSELF/Content/2DAction/Assets/ExampleAsset/lab_texture/LAB/wall/tile092.uasset" 966
"M:/Unreal Projects/Hookshot2DActionSELF/Content/2DAction/Assets/ExampleAsset/lab_texture/LAB/wall/tile092.uexp" 967
"M:/Unreal Projects/Hookshot2DActionSELF/Content/2DAction/Assets/ExampleAsset/lab_texture/LAB/wall/tile092_Sprite.uasset" 968
"M:/Unreal Projects/Hookshot2DActionSELF/Content/2DAction/Assets/ExampleAsset/lab_texture/LAB/wall/tile092_Sprite.uexp" 969
"M:/Unreal Projects/Hookshot2DActionSELF/Content/2DAction/Maps/L_Template.uexp" 970
"M:/Unreal Projects/Hookshot2DActionSELF/Content/2DAction/Maps/L_Template.umap" 971
"M:/Unreal Projects/Hookshot2DActionSELF/Content/2DAction/Maps/L_TEST10.uexp" 972
"M:/Unreal Projects/Hookshot2DActionSELF/Content/2DAction/Maps/L_TEST10.umap" 973
